2019-05-23 22:49:11,135 [org.springframework.web.context.ContextLoader]-[INFO] Root WebApplicationContext: initialization started
2019-05-23 22:49:11,228 [org.springframework.web.context.support.XmlWebApplicationContext]-[INFO] Refreshing Root WebApplicationContext: startup date [Thu May 23 22:49:11 CST 2019]; root of context hierarchy
2019-05-23 22:49:11,275 [org.springframework.beans.factory.xml.XmlBeanDefinitionReader]-[INFO] Loading XML bean definitions from class path resource [springmybatis.xml]
2019-05-23 22:49:11,977 [org.springframework.beans.factory.config.PropertyPlaceholderConfigurer]-[INFO] Loading properties file from class path resource [jdbc.properties]
2019-05-23 22:49:11,977 [org.springframework.beans.factory.annotation.AutowiredAnnotationBeanPostProcessor]-[INFO] JSR-330 'javax.inject.Inject' annotation found and supported for autowiring
2019-05-23 22:49:12,492 [org.springframework.web.context.ContextLoader]-[INFO] Root WebApplicationContext: initialization completed in 1342 ms
2019-05-23 22:49:12,508 [org.springframework.web.servlet.DispatcherServlet]-[INFO] FrameworkServlet 'spring': initialization started
2019-05-23 22:49:12,508 [org.springframework.web.context.support.XmlWebApplicationContext]-[INFO] Refreshing WebApplicationContext for namespace 'spring-servlet': startup date [Thu May 23 22:49:12 CST 2019]; parent: Root WebApplicationContext
2019-05-23 22:49:12,508 [org.springframework.beans.factory.xml.XmlBeanDefinitionReader]-[INFO] Loading XML bean definitions from class path resource [springmvc.xml]
2019-05-23 22:49:12,617 [org.springframework.beans.factory.annotation.AutowiredAnnotationBeanPostProcessor]-[INFO] JSR-330 'javax.inject.Inject' annotation found and supported for autowiring
2019-05-23 22:49:13,100 [org.hibernate.validator.internal.util.Version]-[INFO] HV000001: Hibernate Validator 5.4.1.Final
2019-05-23 22:49:13,350 [org.springframework.web.servlet.mvc.method.annotation.RequestMappingHandlerMapping]-[INFO] Mapped "{[/city/editSubmit],methods=[POST]}" onto public org.springframework.web.servlet.ModelAndView com.lotus.cotroller.CityController.editCitySubmit(com.lotus.bean.City,org.springframework.validation.BindingResult)
2019-05-23 22:49:13,350 [org.springframework.web.servlet.mvc.method.annotation.RequestMappingHandlerMapping]-[INFO] Mapped "{[/city/{id}]}" onto public com.lotus.bean.City com.lotus.cotroller.CityController.getCity(java.lang.String)
2019-05-23 22:49:13,350 [org.springframework.web.servlet.mvc.method.annotation.RequestMappingHandlerMapping]-[INFO] Mapped "{[/cities]}" onto public org.springframework.web.servlet.ModelAndView com.lotus.cotroller.CityController.getCities() throws java.lang.Exception
2019-05-23 22:49:13,350 [org.springframework.web.servlet.mvc.method.annotation.RequestMappingHandlerMapping]-[INFO] Mapped "{[/city/add]}" onto public org.springframework.web.servlet.ModelAndView com.lotus.cotroller.CityController.addCity()
2019-05-23 22:49:13,350 [org.springframework.web.servlet.mvc.method.annotation.RequestMappingHandlerMapping]-[INFO] Mapped "{[/city/addSubmit],methods=[POST]}" onto public org.springframework.web.servlet.ModelAndView com.lotus.cotroller.CityController.addCitySubmit(com.lotus.bean.City)
2019-05-23 22:49:13,350 [org.springframework.web.servlet.mvc.method.annotation.RequestMappingHandlerMapping]-[INFO] Mapped "{[/city/delete]}" onto public org.springframework.web.servlet.ModelAndView com.lotus.cotroller.CityController.delCity(java.lang.String)
2019-05-23 22:49:13,350 [org.springframework.web.servlet.mvc.method.annotation.RequestMappingHandlerMapping]-[INFO] Mapped "{[/city/edit]}" onto public org.springframework.web.servlet.ModelAndView com.lotus.cotroller.CityController.editCity(java.lang.String)
2019-05-23 22:49:13,350 [org.springframework.web.servlet.mvc.method.annotation.RequestMappingHandlerMapping]-[INFO] Mapped "{[/queryItemsAnno]}" onto public org.springframework.web.servlet.ModelAndView com.lotus.cotroller.ItemControllerAnno.queryItemsAnno()
2019-05-23 22:49:13,350 [org.springframework.web.servlet.mvc.method.annotation.RequestMappingHandlerMapping]-[INFO] Mapped "{[/register]}" onto public org.springframework.web.servlet.ModelAndView com.lotus.cotroller.LoginController.register()
2019-05-23 22:49:13,350 [org.springframework.web.servlet.mvc.method.annotation.RequestMappingHandlerMapping]-[INFO] Mapped "{[/register],methods=[POST]}" onto public org.springframework.web.servlet.ModelAndView com.lotus.cotroller.LoginController.doRegister(javax.servlet.http.HttpSession,com.lotus.bean.User)
2019-05-23 22:49:13,350 [org.springframework.web.servlet.mvc.method.annotation.RequestMappingHandlerMapping]-[INFO] Mapped "{[/login],methods=[POST]}" onto public org.springframework.web.servlet.ModelAndView com.lotus.cotroller.LoginController.login(javax.servlet.http.HttpSession,com.lotus.bean.Login)
2019-05-23 22:49:13,350 [org.springframework.web.servlet.mvc.method.annotation.RequestMappingHandlerMapping]-[INFO] Mapped "{[/logout]}" onto public org.springframework.web.servlet.ModelAndView com.lotus.cotroller.LoginController.logout(javax.servlet.http.HttpSession)
2019-05-23 22:49:13,615 [org.springframework.web.servlet.mvc.method.annotation.RequestMappingHandlerAdapter]-[INFO] Looking for @ControllerAdvice: WebApplicationContext for namespace 'spring-servlet': startup date [Thu May 23 22:49:12 CST 2019]; parent: Root WebApplicationContext
2019-05-23 22:49:13,662 [org.springframework.web.servlet.mvc.method.annotation.RequestMappingHandlerAdapter]-[INFO] Looking for @ControllerAdvice: WebApplicationContext for namespace 'spring-servlet': startup date [Thu May 23 22:49:12 CST 2019]; parent: Root WebApplicationContext
2019-05-23 22:49:13,740 [org.springframework.web.servlet.DispatcherServlet]-[INFO] FrameworkServlet 'spring': initialization completed in 1232 ms
2019-05-23 22:50:04,220 [org.springframework.web.context.ContextLoader]-[INFO] Root WebApplicationContext: initialization started
2019-05-23 22:50:04,270 [org.springframework.web.context.support.XmlWebApplicationContext]-[INFO] Refreshing Root WebApplicationContext: startup date [Thu May 23 22:50:04 CST 2019]; root of context hierarchy
2019-05-23 22:50:04,290 [org.springframework.beans.factory.xml.XmlBeanDefinitionReader]-[INFO] Loading XML bean definitions from class path resource [springmybatis.xml]
2019-05-23 22:50:04,500 [org.springframework.beans.factory.config.PropertyPlaceholderConfigurer]-[INFO] Loading properties file from class path resource [jdbc.properties]
2019-05-23 22:50:04,502 [org.springframework.beans.factory.annotation.AutowiredAnnotationBeanPostProcessor]-[INFO] JSR-330 'javax.inject.Inject' annotation found and supported for autowiring
2019-05-23 22:50:04,737 [org.springframework.web.context.ContextLoader]-[INFO] Root WebApplicationContext: initialization completed in 517 ms
2019-05-23 22:50:04,760 [org.springframework.web.servlet.DispatcherServlet]-[INFO] FrameworkServlet 'spring': initialization started
2019-05-23 22:50:04,760 [org.springframework.web.context.support.XmlWebApplicationContext]-[INFO] Refreshing WebApplicationContext for namespace 'spring-servlet': startup date [Thu May 23 22:50:04 CST 2019]; parent: Root WebApplicationContext
2019-05-23 22:50:04,762 [org.springframework.beans.factory.xml.XmlBeanDefinitionReader]-[INFO] Loading XML bean definitions from class path resource [springmvc.xml]
2019-05-23 22:50:04,840 [org.springframework.beans.factory.annotation.AutowiredAnnotationBeanPostProcessor]-[INFO] JSR-330 'javax.inject.Inject' annotation found and supported for autowiring
2019-05-23 22:50:05,142 [org.hibernate.validator.internal.util.Version]-[INFO] HV000001: Hibernate Validator 5.4.1.Final
2019-05-23 22:50:05,255 [org.springframework.web.servlet.mvc.method.annotation.RequestMappingHandlerMapping]-[INFO] Mapped "{[/cities]}" onto public org.springframework.web.servlet.ModelAndView com.lotus.cotroller.CityController.getCities() throws java.lang.Exception
2019-05-23 22:50:05,255 [org.springframework.web.servlet.mvc.method.annotation.RequestMappingHandlerMapping]-[INFO] Mapped "{[/city/add]}" onto public org.springframework.web.servlet.ModelAndView com.lotus.cotroller.CityController.addCity()
2019-05-23 22:50:05,255 [org.springframework.web.servlet.mvc.method.annotation.RequestMappingHandlerMapping]-[INFO] Mapped "{[/city/addSubmit],methods=[POST]}" onto public org.springframework.web.servlet.ModelAndView com.lotus.cotroller.CityController.addCitySubmit(com.lotus.bean.City)
2019-05-23 22:50:05,255 [org.springframework.web.servlet.mvc.method.annotation.RequestMappingHandlerMapping]-[INFO] Mapped "{[/city/delete]}" onto public org.springframework.web.servlet.ModelAndView com.lotus.cotroller.CityController.delCity(java.lang.String)
2019-05-23 22:50:05,255 [org.springframework.web.servlet.mvc.method.annotation.RequestMappingHandlerMapping]-[INFO] Mapped "{[/city/edit]}" onto public org.springframework.web.servlet.ModelAndView com.lotus.cotroller.CityController.editCity(java.lang.String)
2019-05-23 22:50:05,255 [org.springframework.web.servlet.mvc.method.annotation.RequestMappingHandlerMapping]-[INFO] Mapped "{[/city/editSubmit],methods=[POST]}" onto public org.springframework.web.servlet.ModelAndView com.lotus.cotroller.CityController.editCitySubmit(com.lotus.bean.City,org.springframework.validation.BindingResult)
2019-05-23 22:50:05,255 [org.springframework.web.servlet.mvc.method.annotation.RequestMappingHandlerMapping]-[INFO] Mapped "{[/city/{id}]}" onto public com.lotus.bean.City com.lotus.cotroller.CityController.getCity(java.lang.String)
2019-05-23 22:50:05,255 [org.springframework.web.servlet.mvc.method.annotation.RequestMappingHandlerMapping]-[INFO] Mapped "{[/queryItemsAnno]}" onto public org.springframework.web.servlet.ModelAndView com.lotus.cotroller.ItemControllerAnno.queryItemsAnno()
2019-05-23 22:50:05,257 [org.springframework.web.servlet.mvc.method.annotation.RequestMappingHandlerMapping]-[INFO] Mapped "{[/register]}" onto public org.springframework.web.servlet.ModelAndView com.lotus.cotroller.LoginController.register()
2019-05-23 22:50:05,257 [org.springframework.web.servlet.mvc.method.annotation.RequestMappingHandlerMapping]-[INFO] Mapped "{[/login],methods=[POST]}" onto public org.springframework.web.servlet.ModelAndView com.lotus.cotroller.LoginController.login(javax.servlet.http.HttpSession,com.lotus.bean.Login)
2019-05-23 22:50:05,257 [org.springframework.web.servlet.mvc.method.annotation.RequestMappingHandlerMapping]-[INFO] Mapped "{[/logout]}" onto public org.springframework.web.servlet.ModelAndView com.lotus.cotroller.LoginController.logout(javax.servlet.http.HttpSession)
2019-05-23 22:50:05,257 [org.springframework.web.servlet.mvc.method.annotation.RequestMappingHandlerMapping]-[INFO] Mapped "{[/register],methods=[POST]}" onto public org.springframework.web.servlet.ModelAndView com.lotus.cotroller.LoginController.doRegister(javax.servlet.http.HttpSession,com.lotus.bean.User)
2019-05-23 22:50:05,360 [org.springframework.web.servlet.mvc.method.annotation.RequestMappingHandlerAdapter]-[INFO] Looking for @ControllerAdvice: WebApplicationContext for namespace 'spring-servlet': startup date [Thu May 23 22:50:04 CST 2019]; parent: Root WebApplicationContext
2019-05-23 22:50:05,397 [org.springframework.web.servlet.mvc.method.annotation.RequestMappingHandlerAdapter]-[INFO] Looking for @ControllerAdvice: WebApplicationContext for namespace 'spring-servlet': startup date [Thu May 23 22:50:04 CST 2019]; parent: Root WebApplicationContext
2019-05-23 22:50:05,465 [org.springframework.web.servlet.DispatcherServlet]-[INFO] FrameworkServlet 'spring': initialization completed in 705 ms
2019-05-23 22:50:55,218 [org.springframework.web.context.ContextLoader]-[INFO] Root WebApplicationContext: initialization started
2019-05-23 22:50:55,265 [org.springframework.web.context.support.XmlWebApplicationContext]-[INFO] Refreshing Root WebApplicationContext: startup date [Thu May 23 22:50:55 CST 2019]; root of context hierarchy
2019-05-23 22:50:55,281 [org.springframework.beans.factory.xml.XmlBeanDefinitionReader]-[INFO] Loading XML bean definitions from class path resource [springmybatis.xml]
2019-05-23 22:50:55,499 [org.springframework.beans.factory.config.PropertyPlaceholderConfigurer]-[INFO] Loading properties file from class path resource [jdbc.properties]
2019-05-23 22:50:55,499 [org.springframework.beans.factory.annotation.AutowiredAnnotationBeanPostProcessor]-[INFO] JSR-330 'javax.inject.Inject' annotation found and supported for autowiring
2019-05-23 22:50:55,774 [org.springframework.web.context.ContextLoader]-[INFO] Root WebApplicationContext: initialization completed in 556 ms
2019-05-23 22:50:55,790 [org.springframework.web.servlet.DispatcherServlet]-[INFO] FrameworkServlet 'spring': initialization started
2019-05-23 22:50:55,790 [org.springframework.web.context.support.XmlWebApplicationContext]-[INFO] Refreshing WebApplicationContext for namespace 'spring-servlet': startup date [Thu May 23 22:50:55 CST 2019]; parent: Root WebApplicationContext
2019-05-23 22:50:55,790 [org.springframework.beans.factory.xml.XmlBeanDefinitionReader]-[INFO] Loading XML bean definitions from class path resource [springmvc.xml]
2019-05-23 22:50:55,868 [org.springframework.beans.factory.annotation.AutowiredAnnotationBeanPostProcessor]-[INFO] JSR-330 'javax.inject.Inject' annotation found and supported for autowiring
2019-05-23 22:50:56,196 [org.hibernate.validator.internal.util.Version]-[INFO] HV000001: Hibernate Validator 5.4.1.Final
2019-05-23 22:50:56,305 [org.springframework.web.servlet.mvc.method.annotation.RequestMappingHandlerMapping]-[INFO] Mapped "{[/cities]}" onto public org.springframework.web.servlet.ModelAndView com.lotus.cotroller.CityController.getCities() throws java.lang.Exception
2019-05-23 22:50:56,305 [org.springframework.web.servlet.mvc.method.annotation.RequestMappingHandlerMapping]-[INFO] Mapped "{[/city/add]}" onto public org.springframework.web.servlet.ModelAndView com.lotus.cotroller.CityController.addCity()
2019-05-23 22:50:56,305 [org.springframework.web.servlet.mvc.method.annotation.RequestMappingHandlerMapping]-[INFO] Mapped "{[/city/addSubmit],methods=[POST]}" onto public org.springframework.web.servlet.ModelAndView com.lotus.cotroller.CityController.addCitySubmit(com.lotus.bean.City)
2019-05-23 22:50:56,305 [org.springframework.web.servlet.mvc.method.annotation.RequestMappingHandlerMapping]-[INFO] Mapped "{[/city/delete]}" onto public org.springframework.web.servlet.ModelAndView com.lotus.cotroller.CityController.delCity(java.lang.String)
2019-05-23 22:50:56,305 [org.springframework.web.servlet.mvc.method.annotation.RequestMappingHandlerMapping]-[INFO] Mapped "{[/city/edit]}" onto public org.springframework.web.servlet.ModelAndView com.lotus.cotroller.CityController.editCity(java.lang.String)
2019-05-23 22:50:56,305 [org.springframework.web.servlet.mvc.method.annotation.RequestMappingHandlerMapping]-[INFO] Mapped "{[/city/editSubmit],methods=[POST]}" onto public org.springframework.web.servlet.ModelAndView com.lotus.cotroller.CityController.editCitySubmit(com.lotus.bean.City,org.springframework.validation.BindingResult)
2019-05-23 22:50:56,305 [org.springframework.web.servlet.mvc.method.annotation.RequestMappingHandlerMapping]-[INFO] Mapped "{[/city/{id}]}" onto public com.lotus.bean.City com.lotus.cotroller.CityController.getCity(java.lang.String)
2019-05-23 22:50:56,305 [org.springframework.web.servlet.mvc.method.annotation.RequestMappingHandlerMapping]-[INFO] Mapped "{[/queryItemsAnno]}" onto public org.springframework.web.servlet.ModelAndView com.lotus.cotroller.ItemControllerAnno.queryItemsAnno()
2019-05-23 22:50:56,305 [org.springframework.web.servlet.mvc.method.annotation.RequestMappingHandlerMapping]-[INFO] Mapped "{[/register]}" onto public org.springframework.web.servlet.ModelAndView com.lotus.cotroller.LoginController.register()
2019-05-23 22:50:56,305 [org.springframework.web.servlet.mvc.method.annotation.RequestMappingHandlerMapping]-[INFO] Mapped "{[/login],methods=[POST]}" onto public org.springframework.web.servlet.ModelAndView com.lotus.cotroller.LoginController.login(javax.servlet.http.HttpSession,com.lotus.bean.Login)
2019-05-23 22:50:56,305 [org.springframework.web.servlet.mvc.method.annotation.RequestMappingHandlerMapping]-[INFO] Mapped "{[/logout]}" onto public org.springframework.web.servlet.ModelAndView com.lotus.cotroller.LoginController.logout(javax.servlet.http.HttpSession)
2019-05-23 22:50:56,305 [org.springframework.web.servlet.mvc.method.annotation.RequestMappingHandlerMapping]-[INFO] Mapped "{[/register],methods=[POST]}" onto public org.springframework.web.servlet.ModelAndView com.lotus.cotroller.LoginController.doRegister(javax.servlet.http.HttpSession,com.lotus.bean.User)
2019-05-23 22:50:56,430 [org.springframework.web.servlet.mvc.method.annotation.RequestMappingHandlerAdapter]-[INFO] Looking for @ControllerAdvice: WebApplicationContext for namespace 'spring-servlet': startup date [Thu May 23 22:50:55 CST 2019]; parent: Root WebApplicationContext
2019-05-23 22:50:56,461 [org.springframework.web.servlet.mvc.method.annotation.RequestMappingHandlerAdapter]-[INFO] Looking for @ControllerAdvice: WebApplicationContext for namespace 'spring-servlet': startup date [Thu May 23 22:50:55 CST 2019]; parent: Root WebApplicationContext
2019-05-23 22:50:56,523 [org.springframework.web.servlet.DispatcherServlet]-[INFO] FrameworkServlet 'spring': initialization completed in 733 ms
2019-05-23 22:51:08,788 [org.springframework.web.context.ContextLoader]-[INFO] Root WebApplicationContext: initialization started
2019-05-23 22:51:08,851 [org.springframework.web.context.support.XmlWebApplicationContext]-[INFO] Refreshing Root WebApplicationContext: startup date [Thu May 23 22:51:08 CST 2019]; root of context hierarchy
2019-05-23 22:51:08,866 [org.springframework.beans.factory.xml.XmlBeanDefinitionReader]-[INFO] Loading XML bean definitions from class path resource [springmybatis.xml]
2019-05-23 22:51:09,053 [org.springframework.beans.factory.config.PropertyPlaceholderConfigurer]-[INFO] Loading properties file from class path resource [jdbc.properties]
2019-05-23 22:51:09,053 [org.springframework.beans.factory.annotation.AutowiredAnnotationBeanPostProcessor]-[INFO] JSR-330 'javax.inject.Inject' annotation found and supported for autowiring
2019-05-23 22:51:09,272 [org.springframework.web.context.ContextLoader]-[INFO] Root WebApplicationContext: initialization completed in 484 ms
2019-05-23 22:51:09,287 [org.springframework.web.servlet.DispatcherServlet]-[INFO] FrameworkServlet 'spring': initialization started
2019-05-23 22:51:09,287 [org.springframework.web.context.support.XmlWebApplicationContext]-[INFO] Refreshing WebApplicationContext for namespace 'spring-servlet': startup date [Thu May 23 22:51:09 CST 2019]; parent: Root WebApplicationContext
2019-05-23 22:51:09,287 [org.springframework.beans.factory.xml.XmlBeanDefinitionReader]-[INFO] Loading XML bean definitions from class path resource [springmvc.xml]
2019-05-23 22:51:09,365 [org.springframework.beans.factory.annotation.AutowiredAnnotationBeanPostProcessor]-[INFO] JSR-330 'javax.inject.Inject' annotation found and supported for autowiring
2019-05-23 22:51:09,677 [org.hibernate.validator.internal.util.Version]-[INFO] HV000001: Hibernate Validator 5.4.1.Final
2019-05-23 22:51:09,771 [org.springframework.web.servlet.mvc.method.annotation.RequestMappingHandlerMapping]-[INFO] Mapped "{[/cities]}" onto public org.springframework.web.servlet.ModelAndView com.lotus.cotroller.CityController.getCities() throws java.lang.Exception
2019-05-23 22:51:09,771 [org.springframework.web.servlet.mvc.method.annotation.RequestMappingHandlerMapping]-[INFO] Mapped "{[/city/add]}" onto public org.springframework.web.servlet.ModelAndView com.lotus.cotroller.CityController.addCity()
2019-05-23 22:51:09,771 [org.springframework.web.servlet.mvc.method.annotation.RequestMappingHandlerMapping]-[INFO] Mapped "{[/city/addSubmit],methods=[POST]}" onto public org.springframework.web.servlet.ModelAndView com.lotus.cotroller.CityController.addCitySubmit(com.lotus.bean.City)
2019-05-23 22:51:09,771 [org.springframework.web.servlet.mvc.method.annotation.RequestMappingHandlerMapping]-[INFO] Mapped "{[/city/delete]}" onto public org.springframework.web.servlet.ModelAndView com.lotus.cotroller.CityController.delCity(java.lang.String)
2019-05-23 22:51:09,771 [org.springframework.web.servlet.mvc.method.annotation.RequestMappingHandlerMapping]-[INFO] Mapped "{[/city/edit]}" onto public org.springframework.web.servlet.ModelAndView com.lotus.cotroller.CityController.editCity(java.lang.String)
2019-05-23 22:51:09,771 [org.springframework.web.servlet.mvc.method.annotation.RequestMappingHandlerMapping]-[INFO] Mapped "{[/city/editSubmit],methods=[POST]}" onto public org.springframework.web.servlet.ModelAndView com.lotus.cotroller.CityController.editCitySubmit(com.lotus.bean.City,org.springframework.validation.BindingResult)
2019-05-23 22:51:09,771 [org.springframework.web.servlet.mvc.method.annotation.RequestMappingHandlerMapping]-[INFO] Mapped "{[/city/{id}]}" onto public com.lotus.bean.City com.lotus.cotroller.CityController.getCity(java.lang.String)
2019-05-23 22:51:09,771 [org.springframework.web.servlet.mvc.method.annotation.RequestMappingHandlerMapping]-[INFO] Mapped "{[/queryItemsAnno]}" onto public org.springframework.web.servlet.ModelAndView com.lotus.cotroller.ItemControllerAnno.queryItemsAnno()
2019-05-23 22:51:09,771 [org.springframework.web.servlet.mvc.method.annotation.RequestMappingHandlerMapping]-[INFO] Mapped "{[/register]}" onto public org.springframework.web.servlet.ModelAndView com.lotus.cotroller.LoginController.register()
2019-05-23 22:51:09,771 [org.springframework.web.servlet.mvc.method.annotation.RequestMappingHandlerMapping]-[INFO] Mapped "{[/login],methods=[POST]}" onto public org.springframework.web.servlet.ModelAndView com.lotus.cotroller.LoginController.login(javax.servlet.http.HttpSession,com.lotus.bean.Login)
2019-05-23 22:51:09,771 [org.springframework.web.servlet.mvc.method.annotation.RequestMappingHandlerMapping]-[INFO] Mapped "{[/logout]}" onto public org.springframework.web.servlet.ModelAndView com.lotus.cotroller.LoginController.logout(javax.servlet.http.HttpSession)
2019-05-23 22:51:09,771 [org.springframework.web.servlet.mvc.method.annotation.RequestMappingHandlerMapping]-[INFO] Mapped "{[/register],methods=[POST]}" onto public org.springframework.web.servlet.ModelAndView com.lotus.cotroller.LoginController.doRegister(javax.servlet.http.HttpSession,com.lotus.bean.User)
2019-05-23 22:51:09,880 [org.springframework.web.servlet.mvc.method.annotation.RequestMappingHandlerAdapter]-[INFO] Looking for @ControllerAdvice: WebApplicationContext for namespace 'spring-servlet': startup date [Thu May 23 22:51:09 CST 2019]; parent: Root WebApplicationContext
2019-05-23 22:51:09,911 [org.springframework.web.servlet.mvc.method.annotation.RequestMappingHandlerAdapter]-[INFO] Looking for @ControllerAdvice: WebApplicationContext for namespace 'spring-servlet': startup date [Thu May 23 22:51:09 CST 2019]; parent: Root WebApplicationContext
2019-05-23 22:51:09,974 [org.springframework.web.servlet.DispatcherServlet]-[INFO] FrameworkServlet 'spring': initialization completed in 687 ms
2019-05-23 22:54:32,514 [org.springframework.web.context.ContextLoader]-[INFO] Root WebApplicationContext: initialization started
2019-05-23 22:54:32,561 [org.springframework.web.context.support.XmlWebApplicationContext]-[INFO] Refreshing Root WebApplicationContext: startup date [Thu May 23 22:54:32 CST 2019]; root of context hierarchy
2019-05-23 22:54:32,576 [org.springframework.beans.factory.xml.XmlBeanDefinitionReader]-[INFO] Loading XML bean definitions from class path resource [springmybatis.xml]
2019-05-23 22:54:32,779 [org.springframework.beans.factory.config.PropertyPlaceholderConfigurer]-[INFO] Loading properties file from class path resource [jdbc.properties]
2019-05-23 22:54:32,779 [org.springframework.beans.factory.annotation.AutowiredAnnotationBeanPostProcessor]-[INFO] JSR-330 'javax.inject.Inject' annotation found and supported for autowiring
2019-05-23 22:54:32,983 [org.springframework.web.context.ContextLoader]-[INFO] Root WebApplicationContext: initialization completed in 469 ms
2019-05-23 22:54:33,014 [org.springframework.web.servlet.DispatcherServlet]-[INFO] FrameworkServlet 'spring': initialization started
2019-05-23 22:54:33,014 [org.springframework.web.context.support.XmlWebApplicationContext]-[INFO] Refreshing WebApplicationContext for namespace 'spring-servlet': startup date [Thu May 23 22:54:33 CST 2019]; parent: Root WebApplicationContext
2019-05-23 22:54:33,014 [org.springframework.beans.factory.xml.XmlBeanDefinitionReader]-[INFO] Loading XML bean definitions from class path resource [springmvc.xml]
2019-05-23 22:54:33,092 [org.springframework.beans.factory.annotation.AutowiredAnnotationBeanPostProcessor]-[INFO] JSR-330 'javax.inject.Inject' annotation found and supported for autowiring
2019-05-23 22:54:33,389 [org.hibernate.validator.internal.util.Version]-[INFO] HV000001: Hibernate Validator 5.4.1.Final
2019-05-23 22:54:33,499 [org.springframework.web.servlet.mvc.method.annotation.RequestMappingHandlerMapping]-[INFO] Mapped "{[/cities]}" onto public org.springframework.web.servlet.ModelAndView com.lotus.cotroller.CityController.getCities() throws java.lang.Exception
2019-05-23 22:54:33,499 [org.springframework.web.servlet.mvc.method.annotation.RequestMappingHandlerMapping]-[INFO] Mapped "{[/city/add]}" onto public org.springframework.web.servlet.ModelAndView com.lotus.cotroller.CityController.addCity()
2019-05-23 22:54:33,499 [org.springframework.web.servlet.mvc.method.annotation.RequestMappingHandlerMapping]-[INFO] Mapped "{[/city/addSubmit],methods=[POST]}" onto public org.springframework.web.servlet.ModelAndView com.lotus.cotroller.CityController.addCitySubmit(com.lotus.bean.City)
2019-05-23 22:54:33,499 [org.springframework.web.servlet.mvc.method.annotation.RequestMappingHandlerMapping]-[INFO] Mapped "{[/city/delete]}" onto public org.springframework.web.servlet.ModelAndView com.lotus.cotroller.CityController.delCity(java.lang.String)
2019-05-23 22:54:33,499 [org.springframework.web.servlet.mvc.method.annotation.RequestMappingHandlerMapping]-[INFO] Mapped "{[/city/edit]}" onto public org.springframework.web.servlet.ModelAndView com.lotus.cotroller.CityController.editCity(java.lang.String)
2019-05-23 22:54:33,499 [org.springframework.web.servlet.mvc.method.annotation.RequestMappingHandlerMapping]-[INFO] Mapped "{[/city/editSubmit],methods=[POST]}" onto public org.springframework.web.servlet.ModelAndView com.lotus.cotroller.CityController.editCitySubmit(com.lotus.bean.City,org.springframework.validation.BindingResult)
2019-05-23 22:54:33,499 [org.springframework.web.servlet.mvc.method.annotation.RequestMappingHandlerMapping]-[INFO] Mapped "{[/city/{id}]}" onto public com.lotus.bean.City com.lotus.cotroller.CityController.getCity(java.lang.String)
2019-05-23 22:54:33,499 [org.springframework.web.servlet.mvc.method.annotation.RequestMappingHandlerMapping]-[INFO] Mapped "{[/queryItemsAnno]}" onto public org.springframework.web.servlet.ModelAndView com.lotus.cotroller.ItemControllerAnno.queryItemsAnno()
2019-05-23 22:54:33,499 [org.springframework.web.servlet.mvc.method.annotation.RequestMappingHandlerMapping]-[INFO] Mapped "{[/register]}" onto public org.springframework.web.servlet.ModelAndView com.lotus.cotroller.LoginController.register()
2019-05-23 22:54:33,499 [org.springframework.web.servlet.mvc.method.annotation.RequestMappingHandlerMapping]-[INFO] Mapped "{[/login],methods=[POST]}" onto public org.springframework.web.servlet.ModelAndView com.lotus.cotroller.LoginController.login(javax.servlet.http.HttpSession,com.lotus.bean.Login)
2019-05-23 22:54:33,499 [org.springframework.web.servlet.mvc.method.annotation.RequestMappingHandlerMapping]-[INFO] Mapped "{[/logout]}" onto public org.springframework.web.servlet.ModelAndView com.lotus.cotroller.LoginController.logout(javax.servlet.http.HttpSession)
2019-05-23 22:54:33,499 [org.springframework.web.servlet.mvc.method.annotation.RequestMappingHandlerMapping]-[INFO] Mapped "{[/register],methods=[POST]}" onto public org.springframework.web.servlet.ModelAndView com.lotus.cotroller.LoginController.doRegister(javax.servlet.http.HttpSession,com.lotus.bean.User)
2019-05-23 22:54:33,592 [org.springframework.web.servlet.mvc.method.annotation.RequestMappingHandlerAdapter]-[INFO] Looking for @ControllerAdvice: WebApplicationContext for namespace 'spring-servlet': startup date [Thu May 23 22:54:33 CST 2019]; parent: Root WebApplicationContext
2019-05-23 22:54:33,623 [org.springframework.web.servlet.mvc.method.annotation.RequestMappingHandlerAdapter]-[INFO] Looking for @ControllerAdvice: WebApplicationContext for namespace 'spring-servlet': startup date [Thu May 23 22:54:33 CST 2019]; parent: Root WebApplicationContext
2019-05-23 22:54:33,687 [org.springframework.web.servlet.DispatcherServlet]-[INFO] FrameworkServlet 'spring': initialization completed in 673 ms
2019-05-23 22:55:39,714 [org.springframework.web.context.ContextLoader]-[INFO] Root WebApplicationContext: initialization started
2019-05-23 22:55:39,760 [org.springframework.web.context.support.XmlWebApplicationContext]-[INFO] Refreshing Root WebApplicationContext: startup date [Thu May 23 22:55:39 CST 2019]; root of context hierarchy
2019-05-23 22:55:39,792 [org.springframework.beans.factory.xml.XmlBeanDefinitionReader]-[INFO] Loading XML bean definitions from class path resource [springmybatis.xml]
2019-05-23 22:55:39,979 [org.springframework.beans.factory.config.PropertyPlaceholderConfigurer]-[INFO] Loading properties file from class path resource [jdbc.properties]
2019-05-23 22:55:39,979 [org.springframework.beans.factory.annotation.AutowiredAnnotationBeanPostProcessor]-[INFO] JSR-330 'javax.inject.Inject' annotation found and supported for autowiring
2019-05-23 22:55:40,197 [org.springframework.web.context.ContextLoader]-[INFO] Root WebApplicationContext: initialization completed in 483 ms
2019-05-23 22:55:40,213 [org.springframework.web.servlet.DispatcherServlet]-[INFO] FrameworkServlet 'spring': initialization started
2019-05-23 22:55:40,228 [org.springframework.web.context.support.XmlWebApplicationContext]-[INFO] Refreshing WebApplicationContext for namespace 'spring-servlet': startup date [Thu May 23 22:55:40 CST 2019]; parent: Root WebApplicationContext
2019-05-23 22:55:40,228 [org.springframework.beans.factory.xml.XmlBeanDefinitionReader]-[INFO] Loading XML bean definitions from class path resource [springmvc.xml]
2019-05-23 22:55:40,291 [org.springframework.beans.factory.annotation.AutowiredAnnotationBeanPostProcessor]-[INFO] JSR-330 'javax.inject.Inject' annotation found and supported for autowiring
2019-05-23 22:55:40,634 [org.hibernate.validator.internal.util.Version]-[INFO] HV000001: Hibernate Validator 5.4.1.Final
2019-05-23 22:55:40,730 [org.springframework.web.servlet.mvc.method.annotation.RequestMappingHandlerMapping]-[INFO] Mapped "{[/cities]}" onto public org.springframework.web.servlet.ModelAndView com.lotus.cotroller.CityController.getCities() throws java.lang.Exception
2019-05-23 22:55:40,730 [org.springframework.web.servlet.mvc.method.annotation.RequestMappingHandlerMapping]-[INFO] Mapped "{[/city/add]}" onto public org.springframework.web.servlet.ModelAndView com.lotus.cotroller.CityController.addCity()
2019-05-23 22:55:40,730 [org.springframework.web.servlet.mvc.method.annotation.RequestMappingHandlerMapping]-[INFO] Mapped "{[/city/addSubmit],methods=[POST]}" onto public org.springframework.web.servlet.ModelAndView com.lotus.cotroller.CityController.addCitySubmit(com.lotus.bean.City)
2019-05-23 22:55:40,730 [org.springframework.web.servlet.mvc.method.annotation.RequestMappingHandlerMapping]-[INFO] Mapped "{[/city/delete]}" onto public org.springframework.web.servlet.ModelAndView com.lotus.cotroller.CityController.delCity(java.lang.String)
2019-05-23 22:55:40,730 [org.springframework.web.servlet.mvc.method.annotation.RequestMappingHandlerMapping]-[INFO] Mapped "{[/city/edit]}" onto public org.springframework.web.servlet.ModelAndView com.lotus.cotroller.CityController.editCity(java.lang.String)
2019-05-23 22:55:40,730 [org.springframework.web.servlet.mvc.method.annotation.RequestMappingHandlerMapping]-[INFO] Mapped "{[/city/editSubmit],methods=[POST]}" onto public org.springframework.web.servlet.ModelAndView com.lotus.cotroller.CityController.editCitySubmit(com.lotus.bean.City,org.springframework.validation.BindingResult)
2019-05-23 22:55:40,730 [org.springframework.web.servlet.mvc.method.annotation.RequestMappingHandlerMapping]-[INFO] Mapped "{[/city/{id}]}" onto public com.lotus.bean.City com.lotus.cotroller.CityController.getCity(java.lang.String)
2019-05-23 22:55:40,730 [org.springframework.web.servlet.mvc.method.annotation.RequestMappingHandlerMapping]-[INFO] Mapped "{[/queryItemsAnno]}" onto public org.springframework.web.servlet.ModelAndView com.lotus.cotroller.ItemControllerAnno.queryItemsAnno()
2019-05-23 22:55:40,730 [org.springframework.web.servlet.mvc.method.annotation.RequestMappingHandlerMapping]-[INFO] Mapped "{[/register]}" onto public org.springframework.web.servlet.ModelAndView com.lotus.cotroller.LoginController.register()
2019-05-23 22:55:40,730 [org.springframework.web.servlet.mvc.method.annotation.RequestMappingHandlerMapping]-[INFO] Mapped "{[/register],methods=[POST]}" onto public org.springframework.web.servlet.ModelAndView com.lotus.cotroller.LoginController.doRegister(javax.servlet.http.HttpSession,com.lotus.bean.User)
2019-05-23 22:55:40,730 [org.springframework.web.servlet.mvc.method.annotation.RequestMappingHandlerMapping]-[INFO] Mapped "{[/login],methods=[POST]}" onto public org.springframework.web.servlet.ModelAndView com.lotus.cotroller.LoginController.login(javax.servlet.http.HttpSession,com.lotus.bean.Login)
2019-05-23 22:55:40,730 [org.springframework.web.servlet.mvc.method.annotation.RequestMappingHandlerMapping]-[INFO] Mapped "{[/logout]}" onto public org.springframework.web.servlet.ModelAndView com.lotus.cotroller.LoginController.logout(javax.servlet.http.HttpSession)
2019-05-23 22:55:40,823 [org.springframework.web.servlet.mvc.method.annotation.RequestMappingHandlerAdapter]-[INFO] Looking for @ControllerAdvice: WebApplicationContext for namespace 'spring-servlet': startup date [Thu May 23 22:55:40 CST 2019]; parent: Root WebApplicationContext
2019-05-23 22:55:40,854 [org.springframework.web.servlet.mvc.method.annotation.RequestMappingHandlerAdapter]-[INFO] Looking for @ControllerAdvice: WebApplicationContext for namespace 'spring-servlet': startup date [Thu May 23 22:55:40 CST 2019]; parent: Root WebApplicationContext
2019-05-23 22:55:40,917 [org.springframework.web.servlet.DispatcherServlet]-[INFO] FrameworkServlet 'spring': initialization completed in 704 ms
2019-05-23 22:55:49,217 [org.springframework.web.context.ContextLoader]-[INFO] Root WebApplicationContext: initialization started
2019-05-23 22:55:49,264 [org.springframework.web.context.support.XmlWebApplicationContext]-[INFO] Refreshing Root WebApplicationContext: startup date [Thu May 23 22:55:49 CST 2019]; root of context hierarchy
2019-05-23 22:55:49,295 [org.springframework.beans.factory.xml.XmlBeanDefinitionReader]-[INFO] Loading XML bean definitions from class path resource [springmybatis.xml]
2019-05-23 22:55:49,498 [org.springframework.beans.factory.config.PropertyPlaceholderConfigurer]-[INFO] Loading properties file from class path resource [jdbc.properties]
2019-05-23 22:55:49,498 [org.springframework.beans.factory.annotation.AutowiredAnnotationBeanPostProcessor]-[INFO] JSR-330 'javax.inject.Inject' annotation found and supported for autowiring
2019-05-23 22:55:49,716 [org.springframework.web.context.ContextLoader]-[INFO] Root WebApplicationContext: initialization completed in 499 ms
2019-05-23 22:55:49,732 [org.springframework.web.servlet.DispatcherServlet]-[INFO] FrameworkServlet 'spring': initialization started
2019-05-23 22:55:49,732 [org.springframework.web.context.support.XmlWebApplicationContext]-[INFO] Refreshing WebApplicationContext for namespace 'spring-servlet': startup date [Thu May 23 22:55:49 CST 2019]; parent: Root WebApplicationContext
2019-05-23 22:55:49,732 [org.springframework.beans.factory.xml.XmlBeanDefinitionReader]-[INFO] Loading XML bean definitions from class path resource [springmvc.xml]
2019-05-23 22:55:49,810 [org.springframework.beans.factory.annotation.AutowiredAnnotationBeanPostProcessor]-[INFO] JSR-330 'javax.inject.Inject' annotation found and supported for autowiring
2019-05-23 22:55:50,106 [org.hibernate.validator.internal.util.Version]-[INFO] HV000001: Hibernate Validator 5.4.1.Final
2019-05-23 22:55:50,200 [org.springframework.web.servlet.mvc.method.annotation.RequestMappingHandlerMapping]-[INFO] Mapped "{[/cities]}" onto public org.springframework.web.servlet.ModelAndView com.lotus.cotroller.CityController.getCities() throws java.lang.Exception
2019-05-23 22:55:50,200 [org.springframework.web.servlet.mvc.method.annotation.RequestMappingHandlerMapping]-[INFO] Mapped "{[/city/add]}" onto public org.springframework.web.servlet.ModelAndView com.lotus.cotroller.CityController.addCity()
2019-05-23 22:55:50,200 [org.springframework.web.servlet.mvc.method.annotation.RequestMappingHandlerMapping]-[INFO] Mapped "{[/city/addSubmit],methods=[POST]}" onto public org.springframework.web.servlet.ModelAndView com.lotus.cotroller.CityController.addCitySubmit(com.lotus.bean.City)
2019-05-23 22:55:50,200 [org.springframework.web.servlet.mvc.method.annotation.RequestMappingHandlerMapping]-[INFO] Mapped "{[/city/delete]}" onto public org.springframework.web.servlet.ModelAndView com.lotus.cotroller.CityController.delCity(java.lang.String)
2019-05-23 22:55:50,200 [org.springframework.web.servlet.mvc.method.annotation.RequestMappingHandlerMapping]-[INFO] Mapped "{[/city/edit]}" onto public org.springframework.web.servlet.ModelAndView com.lotus.cotroller.CityController.editCity(java.lang.String)
2019-05-23 22:55:50,200 [org.springframework.web.servlet.mvc.method.annotation.RequestMappingHandlerMapping]-[INFO] Mapped "{[/city/editSubmit],methods=[POST]}" onto public org.springframework.web.servlet.ModelAndView com.lotus.cotroller.CityController.editCitySubmit(com.lotus.bean.City,org.springframework.validation.BindingResult)
2019-05-23 22:55:50,200 [org.springframework.web.servlet.mvc.method.annotation.RequestMappingHandlerMapping]-[INFO] Mapped "{[/city/{id}]}" onto public com.lotus.bean.City com.lotus.cotroller.CityController.getCity(java.lang.String)
2019-05-23 22:55:50,200 [org.springframework.web.servlet.mvc.method.annotation.RequestMappingHandlerMapping]-[INFO] Mapped "{[/queryItemsAnno]}" onto public org.springframework.web.servlet.ModelAndView com.lotus.cotroller.ItemControllerAnno.queryItemsAnno()
2019-05-23 22:55:50,200 [org.springframework.web.servlet.mvc.method.annotation.RequestMappingHandlerMapping]-[INFO] Mapped "{[/register]}" onto public org.springframework.web.servlet.ModelAndView com.lotus.cotroller.LoginController.register()
2019-05-23 22:55:50,200 [org.springframework.web.servlet.mvc.method.annotation.RequestMappingHandlerMapping]-[INFO] Mapped "{[/login],methods=[POST]}" onto public org.springframework.web.servlet.ModelAndView com.lotus.cotroller.LoginController.login(javax.servlet.http.HttpSession,com.lotus.bean.Login)
2019-05-23 22:55:50,200 [org.springframework.web.servlet.mvc.method.annotation.RequestMappingHandlerMapping]-[INFO] Mapped "{[/logout]}" onto public org.springframework.web.servlet.ModelAndView com.lotus.cotroller.LoginController.logout(javax.servlet.http.HttpSession)
2019-05-23 22:55:50,200 [org.springframework.web.servlet.mvc.method.annotation.RequestMappingHandlerMapping]-[INFO] Mapped "{[/register],methods=[POST]}" onto public org.springframework.web.servlet.ModelAndView com.lotus.cotroller.LoginController.doRegister(javax.servlet.http.HttpSession,com.lotus.bean.User)
2019-05-23 22:55:50,293 [org.springframework.web.servlet.mvc.method.annotation.RequestMappingHandlerAdapter]-[INFO] Looking for @ControllerAdvice: WebApplicationContext for namespace 'spring-servlet': startup date [Thu May 23 22:55:49 CST 2019]; parent: Root WebApplicationContext
2019-05-23 22:55:50,324 [org.springframework.web.servlet.mvc.method.annotation.RequestMappingHandlerAdapter]-[INFO] Looking for @ControllerAdvice: WebApplicationContext for namespace 'spring-servlet': startup date [Thu May 23 22:55:49 CST 2019]; parent: Root WebApplicationContext
2019-05-23 22:55:50,387 [org.springframework.web.servlet.DispatcherServlet]-[INFO] FrameworkServlet 'spring': initialization completed in 655 ms
2019-05-23 22:55:56,416 [com.lotus.interceptor.LoginInterceptor]-[INFO] need to login first!
2019-05-23 22:55:56,498 [com.lotus.interceptor.TimeCostInterceptor]-[INFO] Total cost 80 ms for [/cities]
2019-05-23 23:10:17,061 [org.springframework.web.context.ContextLoader]-[INFO] Root WebApplicationContext: initialization started
2019-05-23 23:10:17,111 [org.springframework.web.context.support.XmlWebApplicationContext]-[INFO] Refreshing Root WebApplicationContext: startup date [Thu May 23 23:10:17 CST 2019]; root of context hierarchy
2019-05-23 23:10:17,133 [org.springframework.beans.factory.xml.XmlBeanDefinitionReader]-[INFO] Loading XML bean definitions from class path resource [springmybatis.xml]
2019-05-23 23:10:17,334 [org.springframework.beans.factory.config.PropertyPlaceholderConfigurer]-[INFO] Loading properties file from class path resource [jdbc.properties]
2019-05-23 23:10:17,337 [org.springframework.beans.factory.annotation.AutowiredAnnotationBeanPostProcessor]-[INFO] JSR-330 'javax.inject.Inject' annotation found and supported for autowiring
2019-05-23 23:10:17,558 [org.springframework.web.context.ContextLoader]-[INFO] Root WebApplicationContext: initialization completed in 497 ms
2019-05-23 23:10:17,578 [org.springframework.web.servlet.DispatcherServlet]-[INFO] FrameworkServlet 'spring': initialization started
2019-05-23 23:10:17,580 [org.springframework.web.context.support.XmlWebApplicationContext]-[INFO] Refreshing WebApplicationContext for namespace 'spring-servlet': startup date [Thu May 23 23:10:17 CST 2019]; parent: Root WebApplicationContext
2019-05-23 23:10:17,580 [org.springframework.beans.factory.xml.XmlBeanDefinitionReader]-[INFO] Loading XML bean definitions from class path resource [springmvc.xml]
2019-05-23 23:10:17,655 [org.springframework.beans.factory.annotation.AutowiredAnnotationBeanPostProcessor]-[INFO] JSR-330 'javax.inject.Inject' annotation found and supported for autowiring
2019-05-23 23:10:17,929 [org.hibernate.validator.internal.util.Version]-[INFO] HV000001: Hibernate Validator 5.4.1.Final
2019-05-23 23:10:18,029 [org.springframework.web.servlet.mvc.method.annotation.RequestMappingHandlerMapping]-[INFO] Mapped "{[/cities]}" onto public org.springframework.web.servlet.ModelAndView com.lotus.cotroller.CityController.getCities() throws java.lang.Exception
2019-05-23 23:10:18,029 [org.springframework.web.servlet.mvc.method.annotation.RequestMappingHandlerMapping]-[INFO] Mapped "{[/city/add]}" onto public org.springframework.web.servlet.ModelAndView com.lotus.cotroller.CityController.addCity()
2019-05-23 23:10:18,030 [org.springframework.web.servlet.mvc.method.annotation.RequestMappingHandlerMapping]-[INFO] Mapped "{[/city/addSubmit],methods=[POST]}" onto public org.springframework.web.servlet.ModelAndView com.lotus.cotroller.CityController.addCitySubmit(com.lotus.bean.City)
2019-05-23 23:10:18,030 [org.springframework.web.servlet.mvc.method.annotation.RequestMappingHandlerMapping]-[INFO] Mapped "{[/city/delete]}" onto public org.springframework.web.servlet.ModelAndView com.lotus.cotroller.CityController.delCity(java.lang.String)
2019-05-23 23:10:18,030 [org.springframework.web.servlet.mvc.method.annotation.RequestMappingHandlerMapping]-[INFO] Mapped "{[/city/edit]}" onto public org.springframework.web.servlet.ModelAndView com.lotus.cotroller.CityController.editCity(java.lang.String)
2019-05-23 23:10:18,030 [org.springframework.web.servlet.mvc.method.annotation.RequestMappingHandlerMapping]-[INFO] Mapped "{[/city/editSubmit],methods=[POST]}" onto public org.springframework.web.servlet.ModelAndView com.lotus.cotroller.CityController.editCitySubmit(com.lotus.bean.City,org.springframework.validation.BindingResult)
2019-05-23 23:10:18,030 [org.springframework.web.servlet.mvc.method.annotation.RequestMappingHandlerMapping]-[INFO] Mapped "{[/city/{id}]}" onto public com.lotus.bean.City com.lotus.cotroller.CityController.getCity(java.lang.String)
2019-05-23 23:10:18,030 [org.springframework.web.servlet.mvc.method.annotation.RequestMappingHandlerMapping]-[INFO] Mapped "{[/queryItemsAnno]}" onto public org.springframework.web.servlet.ModelAndView com.lotus.cotroller.ItemControllerAnno.queryItemsAnno()
2019-05-23 23:10:18,031 [org.springframework.web.servlet.mvc.method.annotation.RequestMappingHandlerMapping]-[INFO] Mapped "{[/register]}" onto public org.springframework.web.servlet.ModelAndView com.lotus.cotroller.LoginController.register()
2019-05-23 23:10:18,031 [org.springframework.web.servlet.mvc.method.annotation.RequestMappingHandlerMapping]-[INFO] Mapped "{[/login],methods=[POST]}" onto public org.springframework.web.servlet.ModelAndView com.lotus.cotroller.LoginController.login(javax.servlet.http.HttpSession,com.lotus.bean.Login)
2019-05-23 23:10:18,031 [org.springframework.web.servlet.mvc.method.annotation.RequestMappingHandlerMapping]-[INFO] Mapped "{[/logout]}" onto public org.springframework.web.servlet.ModelAndView com.lotus.cotroller.LoginController.logout(javax.servlet.http.HttpSession)
2019-05-23 23:10:18,031 [org.springframework.web.servlet.mvc.method.annotation.RequestMappingHandlerMapping]-[INFO] Mapped "{[/register],methods=[POST]}" onto public org.springframework.web.servlet.ModelAndView com.lotus.cotroller.LoginController.doRegister(javax.servlet.http.HttpSession,com.lotus.bean.User)
2019-05-23 23:10:18,126 [org.springframework.web.servlet.mvc.method.annotation.RequestMappingHandlerAdapter]-[INFO] Looking for @ControllerAdvice: WebApplicationContext for namespace 'spring-servlet': startup date [Thu May 23 23:10:17 CST 2019]; parent: Root WebApplicationContext
2019-05-23 23:10:18,157 [org.springframework.web.servlet.mvc.method.annotation.RequestMappingHandlerAdapter]-[INFO] Looking for @ControllerAdvice: WebApplicationContext for namespace 'spring-servlet': startup date [Thu May 23 23:10:17 CST 2019]; parent: Root WebApplicationContext
2019-05-23 23:10:18,217 [org.springframework.web.servlet.DispatcherServlet]-[INFO] FrameworkServlet 'spring': initialization completed in 639 ms
2019-05-23 23:10:50,588 [com.lotus.interceptor.LoginInterceptor]-[INFO] need to login first!
2019-05-23 23:10:50,629 [com.lotus.interceptor.TimeCostInterceptor]-[INFO] Total cost 39 ms for [/queryItemsAnno]
2019-05-23 23:12:04,736 [org.springframework.web.context.ContextLoader]-[INFO] Root WebApplicationContext: initialization started
2019-05-23 23:12:04,783 [org.springframework.web.context.support.XmlWebApplicationContext]-[INFO] Refreshing Root WebApplicationContext: startup date [Thu May 23 23:12:04 CST 2019]; root of context hierarchy
2019-05-23 23:12:04,804 [org.springframework.beans.factory.xml.XmlBeanDefinitionReader]-[INFO] Loading XML bean definitions from class path resource [springmybatis.xml]
2019-05-23 23:12:05,000 [org.springframework.beans.factory.config.PropertyPlaceholderConfigurer]-[INFO] Loading properties file from class path resource [jdbc.properties]
2019-05-23 23:12:05,003 [org.springframework.beans.factory.annotation.AutowiredAnnotationBeanPostProcessor]-[INFO] JSR-330 'javax.inject.Inject' annotation found and supported for autowiring
2019-05-23 23:12:05,173 [org.springframework.web.context.ContextLoader]-[INFO] Root WebApplicationContext: initialization completed in 437 ms
2019-05-23 23:12:05,192 [org.springframework.web.servlet.DispatcherServlet]-[INFO] FrameworkServlet 'spring': initialization started
2019-05-23 23:12:05,193 [org.springframework.web.context.support.XmlWebApplicationContext]-[INFO] Refreshing WebApplicationContext for namespace 'spring-servlet': startup date [Thu May 23 23:12:05 CST 2019]; parent: Root WebApplicationContext
2019-05-23 23:12:05,194 [org.springframework.beans.factory.xml.XmlBeanDefinitionReader]-[INFO] Loading XML bean definitions from class path resource [springmvc.xml]
2019-05-23 23:12:05,307 [org.springframework.beans.factory.annotation.AutowiredAnnotationBeanPostProcessor]-[INFO] JSR-330 'javax.inject.Inject' annotation found and supported for autowiring
2019-05-23 23:12:05,607 [org.hibernate.validator.internal.util.Version]-[INFO] HV000001: Hibernate Validator 5.4.1.Final
2019-05-23 23:12:05,707 [org.springframework.web.servlet.mvc.method.annotation.RequestMappingHandlerMapping]-[INFO] Mapped "{[/cities]}" onto public org.springframework.web.servlet.ModelAndView com.lotus.cotroller.CityController.getCities() throws java.lang.Exception
2019-05-23 23:12:05,707 [org.springframework.web.servlet.mvc.method.annotation.RequestMappingHandlerMapping]-[INFO] Mapped "{[/city/add]}" onto public org.springframework.web.servlet.ModelAndView com.lotus.cotroller.CityController.addCity()
2019-05-23 23:12:05,707 [org.springframework.web.servlet.mvc.method.annotation.RequestMappingHandlerMapping]-[INFO] Mapped "{[/city/addSubmit],methods=[POST]}" onto public org.springframework.web.servlet.ModelAndView com.lotus.cotroller.CityController.addCitySubmit(com.lotus.bean.City)
2019-05-23 23:12:05,708 [org.springframework.web.servlet.mvc.method.annotation.RequestMappingHandlerMapping]-[INFO] Mapped "{[/city/delete]}" onto public org.springframework.web.servlet.ModelAndView com.lotus.cotroller.CityController.delCity(java.lang.String)
2019-05-23 23:12:05,708 [org.springframework.web.servlet.mvc.method.annotation.RequestMappingHandlerMapping]-[INFO] Mapped "{[/city/edit]}" onto public org.springframework.web.servlet.ModelAndView com.lotus.cotroller.CityController.editCity(java.lang.String)
2019-05-23 23:12:05,708 [org.springframework.web.servlet.mvc.method.annotation.RequestMappingHandlerMapping]-[INFO] Mapped "{[/city/editSubmit],methods=[POST]}" onto public org.springframework.web.servlet.ModelAndView com.lotus.cotroller.CityController.editCitySubmit(com.lotus.bean.City,org.springframework.validation.BindingResult)
2019-05-23 23:12:05,708 [org.springframework.web.servlet.mvc.method.annotation.RequestMappingHandlerMapping]-[INFO] Mapped "{[/city/{id}]}" onto public com.lotus.bean.City com.lotus.cotroller.CityController.getCity(java.lang.String)
2019-05-23 23:12:05,708 [org.springframework.web.servlet.mvc.method.annotation.RequestMappingHandlerMapping]-[INFO] Mapped "{[/queryItemsAnno]}" onto public org.springframework.web.servlet.ModelAndView com.lotus.cotroller.ItemControllerAnno.queryItemsAnno()
2019-05-23 23:12:05,709 [org.springframework.web.servlet.mvc.method.annotation.RequestMappingHandlerMapping]-[INFO] Mapped "{[/register]}" onto public org.springframework.web.servlet.ModelAndView com.lotus.cotroller.LoginController.register()
2019-05-23 23:12:05,709 [org.springframework.web.servlet.mvc.method.annotation.RequestMappingHandlerMapping]-[INFO] Mapped "{[/login],methods=[POST]}" onto public org.springframework.web.servlet.ModelAndView com.lotus.cotroller.LoginController.login(javax.servlet.http.HttpSession,com.lotus.bean.Login)
2019-05-23 23:12:05,709 [org.springframework.web.servlet.mvc.method.annotation.RequestMappingHandlerMapping]-[INFO] Mapped "{[/logout]}" onto public org.springframework.web.servlet.ModelAndView com.lotus.cotroller.LoginController.logout(javax.servlet.http.HttpSession)
2019-05-23 23:12:05,709 [org.springframework.web.servlet.mvc.method.annotation.RequestMappingHandlerMapping]-[INFO] Mapped "{[/register],methods=[POST]}" onto public org.springframework.web.servlet.ModelAndView com.lotus.cotroller.LoginController.doRegister(javax.servlet.http.HttpSession,com.lotus.bean.User)
2019-05-23 23:12:05,803 [org.springframework.web.servlet.mvc.method.annotation.RequestMappingHandlerAdapter]-[INFO] Looking for @ControllerAdvice: WebApplicationContext for namespace 'spring-servlet': startup date [Thu May 23 23:12:05 CST 2019]; parent: Root WebApplicationContext
2019-05-23 23:12:05,843 [org.springframework.web.servlet.mvc.method.annotation.RequestMappingHandlerAdapter]-[INFO] Looking for @ControllerAdvice: WebApplicationContext for namespace 'spring-servlet': startup date [Thu May 23 23:12:05 CST 2019]; parent: Root WebApplicationContext
2019-05-23 23:12:05,913 [org.springframework.web.servlet.DispatcherServlet]-[INFO] FrameworkServlet 'spring': initialization completed in 721 ms
2019-05-23 23:12:37,494 [org.springframework.web.context.ContextLoader]-[INFO] Root WebApplicationContext: initialization started
2019-05-23 23:12:37,584 [org.springframework.web.context.support.XmlWebApplicationContext]-[INFO] Refreshing Root WebApplicationContext: startup date [Thu May 23 23:12:37 CST 2019]; root of context hierarchy
2019-05-23 23:12:37,625 [org.springframework.beans.factory.xml.XmlBeanDefinitionReader]-[INFO] Loading XML bean definitions from class path resource [springmybatis.xml]
2019-05-23 23:12:37,912 [org.springframework.beans.factory.config.PropertyPlaceholderConfigurer]-[INFO] Loading properties file from class path resource [jdbc.properties]
2019-05-23 23:12:37,917 [org.springframework.beans.factory.annotation.AutowiredAnnotationBeanPostProcessor]-[INFO] JSR-330 'javax.inject.Inject' annotation found and supported for autowiring
2019-05-23 23:12:38,239 [org.springframework.web.context.ContextLoader]-[INFO] Root WebApplicationContext: initialization completed in 744 ms
2019-05-23 23:12:38,276 [org.springframework.web.servlet.DispatcherServlet]-[INFO] FrameworkServlet 'spring': initialization started
2019-05-23 23:12:38,278 [org.springframework.web.context.support.XmlWebApplicationContext]-[INFO] Refreshing WebApplicationContext for namespace 'spring-servlet': startup date [Thu May 23 23:12:38 CST 2019]; parent: Root WebApplicationContext
2019-05-23 23:12:38,278 [org.springframework.beans.factory.xml.XmlBeanDefinitionReader]-[INFO] Loading XML bean definitions from class path resource [springmvc.xml]
2019-05-23 23:12:38,374 [org.springframework.beans.factory.annotation.AutowiredAnnotationBeanPostProcessor]-[INFO] JSR-330 'javax.inject.Inject' annotation found and supported for autowiring
2019-05-23 23:12:38,696 [org.hibernate.validator.internal.util.Version]-[INFO] HV000001: Hibernate Validator 5.4.1.Final
2019-05-23 23:12:38,854 [org.springframework.web.servlet.mvc.method.annotation.RequestMappingHandlerMapping]-[INFO] Mapped "{[/cities]}" onto public org.springframework.web.servlet.ModelAndView com.lotus.cotroller.CityController.getCities() throws java.lang.Exception
2019-05-23 23:12:38,855 [org.springframework.web.servlet.mvc.method.annotation.RequestMappingHandlerMapping]-[INFO] Mapped "{[/city/add]}" onto public org.springframework.web.servlet.ModelAndView com.lotus.cotroller.CityController.addCity()
2019-05-23 23:12:38,855 [org.springframework.web.servlet.mvc.method.annotation.RequestMappingHandlerMapping]-[INFO] Mapped "{[/city/addSubmit],methods=[POST]}" onto public org.springframework.web.servlet.ModelAndView com.lotus.cotroller.CityController.addCitySubmit(com.lotus.bean.City)
2019-05-23 23:12:38,855 [org.springframework.web.servlet.mvc.method.annotation.RequestMappingHandlerMapping]-[INFO] Mapped "{[/city/delete]}" onto public org.springframework.web.servlet.ModelAndView com.lotus.cotroller.CityController.delCity(java.lang.String)
2019-05-23 23:12:38,855 [org.springframework.web.servlet.mvc.method.annotation.RequestMappingHandlerMapping]-[INFO] Mapped "{[/city/edit]}" onto public org.springframework.web.servlet.ModelAndView com.lotus.cotroller.CityController.editCity(java.lang.String)
2019-05-23 23:12:38,856 [org.springframework.web.servlet.mvc.method.annotation.RequestMappingHandlerMapping]-[INFO] Mapped "{[/city/editSubmit],methods=[POST]}" onto public org.springframework.web.servlet.ModelAndView com.lotus.cotroller.CityController.editCitySubmit(com.lotus.bean.City,org.springframework.validation.BindingResult)
2019-05-23 23:12:38,856 [org.springframework.web.servlet.mvc.method.annotation.RequestMappingHandlerMapping]-[INFO] Mapped "{[/city/{id}]}" onto public com.lotus.bean.City com.lotus.cotroller.CityController.getCity(java.lang.String)
2019-05-23 23:12:38,856 [org.springframework.web.servlet.mvc.method.annotation.RequestMappingHandlerMapping]-[INFO] Mapped "{[/queryItemsAnno]}" onto public org.springframework.web.servlet.ModelAndView com.lotus.cotroller.ItemControllerAnno.queryItemsAnno()
2019-05-23 23:12:38,857 [org.springframework.web.servlet.mvc.method.annotation.RequestMappingHandlerMapping]-[INFO] Mapped "{[/register]}" onto public org.springframework.web.servlet.ModelAndView com.lotus.cotroller.LoginController.register()
2019-05-23 23:12:38,857 [org.springframework.web.servlet.mvc.method.annotation.RequestMappingHandlerMapping]-[INFO] Mapped "{[/login],methods=[POST]}" onto public org.springframework.web.servlet.ModelAndView com.lotus.cotroller.LoginController.login(javax.servlet.http.HttpSession,com.lotus.bean.Login)
2019-05-23 23:12:38,857 [org.springframework.web.servlet.mvc.method.annotation.RequestMappingHandlerMapping]-[INFO] Mapped "{[/logout]}" onto public org.springframework.web.servlet.ModelAndView com.lotus.cotroller.LoginController.logout(javax.servlet.http.HttpSession)
2019-05-23 23:12:38,857 [org.springframework.web.servlet.mvc.method.annotation.RequestMappingHandlerMapping]-[INFO] Mapped "{[/register],methods=[POST]}" onto public org.springframework.web.servlet.ModelAndView com.lotus.cotroller.LoginController.doRegister(javax.servlet.http.HttpSession,com.lotus.bean.User)
2019-05-23 23:12:39,024 [org.springframework.web.servlet.mvc.method.annotation.RequestMappingHandlerAdapter]-[INFO] Looking for @ControllerAdvice: WebApplicationContext for namespace 'spring-servlet': startup date [Thu May 23 23:12:38 CST 2019]; parent: Root WebApplicationContext
2019-05-23 23:12:39,071 [org.springframework.web.servlet.mvc.method.annotation.RequestMappingHandlerAdapter]-[INFO] Looking for @ControllerAdvice: WebApplicationContext for namespace 'spring-servlet': startup date [Thu May 23 23:12:38 CST 2019]; parent: Root WebApplicationContext
2019-05-23 23:12:39,189 [org.springframework.web.servlet.DispatcherServlet]-[INFO] FrameworkServlet 'spring': initialization completed in 913 ms
2019-05-23 23:19:26,699 [org.springframework.web.context.ContextLoader]-[INFO] Root WebApplicationContext: initialization started
2019-05-23 23:19:26,803 [org.springframework.web.context.support.XmlWebApplicationContext]-[INFO] Refreshing Root WebApplicationContext: startup date [Thu May 23 23:19:26 CST 2019]; root of context hierarchy
2019-05-23 23:19:26,847 [org.springframework.beans.factory.xml.XmlBeanDefinitionReader]-[INFO] Loading XML bean definitions from class path resource [springmybatis.xml]
2019-05-23 23:19:27,141 [org.springframework.beans.factory.config.PropertyPlaceholderConfigurer]-[INFO] Loading properties file from class path resource [jdbc.properties]
2019-05-23 23:19:27,146 [org.springframework.beans.factory.annotation.AutowiredAnnotationBeanPostProcessor]-[INFO] JSR-330 'javax.inject.Inject' annotation found and supported for autowiring
2019-05-23 23:19:27,524 [org.springframework.web.context.ContextLoader]-[INFO] Root WebApplicationContext: initialization completed in 825 ms
2019-05-23 23:19:27,569 [org.springframework.web.servlet.DispatcherServlet]-[INFO] FrameworkServlet 'spring': initialization started
2019-05-23 23:19:27,571 [org.springframework.web.context.support.XmlWebApplicationContext]-[INFO] Refreshing WebApplicationContext for namespace 'spring-servlet': startup date [Thu May 23 23:19:27 CST 2019]; parent: Root WebApplicationContext
2019-05-23 23:19:27,571 [org.springframework.beans.factory.xml.XmlBeanDefinitionReader]-[INFO] Loading XML bean definitions from class path resource [springmvc.xml]
2019-05-23 23:19:27,686 [org.springframework.beans.factory.annotation.AutowiredAnnotationBeanPostProcessor]-[INFO] JSR-330 'javax.inject.Inject' annotation found and supported for autowiring
2019-05-23 23:19:28,018 [org.hibernate.validator.internal.util.Version]-[INFO] HV000001: Hibernate Validator 5.4.1.Final
2019-05-23 23:19:28,183 [org.springframework.web.servlet.mvc.method.annotation.RequestMappingHandlerMapping]-[INFO] Mapped "{[/cities]}" onto public org.springframework.web.servlet.ModelAndView com.lotus.cotroller.CityController.getCities() throws java.lang.Exception
2019-05-23 23:19:28,184 [org.springframework.web.servlet.mvc.method.annotation.RequestMappingHandlerMapping]-[INFO] Mapped "{[/city/add]}" onto public org.springframework.web.servlet.ModelAndView com.lotus.cotroller.CityController.addCity()
2019-05-23 23:19:28,185 [org.springframework.web.servlet.mvc.method.annotation.RequestMappingHandlerMapping]-[INFO] Mapped "{[/city/addSubmit],methods=[POST]}" onto public org.springframework.web.servlet.ModelAndView com.lotus.cotroller.CityController.addCitySubmit(com.lotus.bean.City)
2019-05-23 23:19:28,185 [org.springframework.web.servlet.mvc.method.annotation.RequestMappingHandlerMapping]-[INFO] Mapped "{[/city/delete]}" onto public org.springframework.web.servlet.ModelAndView com.lotus.cotroller.CityController.delCity(java.lang.String)
2019-05-23 23:19:28,185 [org.springframework.web.servlet.mvc.method.annotation.RequestMappingHandlerMapping]-[INFO] Mapped "{[/city/edit]}" onto public org.springframework.web.servlet.ModelAndView com.lotus.cotroller.CityController.editCity(java.lang.String)
2019-05-23 23:19:28,185 [org.springframework.web.servlet.mvc.method.annotation.RequestMappingHandlerMapping]-[INFO] Mapped "{[/city/editSubmit],methods=[POST]}" onto public org.springframework.web.servlet.ModelAndView com.lotus.cotroller.CityController.editCitySubmit(com.lotus.bean.City,org.springframework.validation.BindingResult)
2019-05-23 23:19:28,185 [org.springframework.web.servlet.mvc.method.annotation.RequestMappingHandlerMapping]-[INFO] Mapped "{[/city/{id}]}" onto public com.lotus.bean.City com.lotus.cotroller.CityController.getCity(java.lang.String)
2019-05-23 23:19:28,186 [org.springframework.web.servlet.mvc.method.annotation.RequestMappingHandlerMapping]-[INFO] Mapped "{[/queryItemsAnno]}" onto public org.springframework.web.servlet.ModelAndView com.lotus.cotroller.ItemControllerAnno.queryItemsAnno()
2019-05-23 23:19:28,187 [org.springframework.web.servlet.mvc.method.annotation.RequestMappingHandlerMapping]-[INFO] Mapped "{[/register]}" onto public org.springframework.web.servlet.ModelAndView com.lotus.cotroller.LoginController.register()
2019-05-23 23:19:28,187 [org.springframework.web.servlet.mvc.method.annotation.RequestMappingHandlerMapping]-[INFO] Mapped "{[/login],methods=[POST]}" onto public org.springframework.web.servlet.ModelAndView com.lotus.cotroller.LoginController.login(javax.servlet.http.HttpSession,com.lotus.bean.Login)
2019-05-23 23:19:28,187 [org.springframework.web.servlet.mvc.method.annotation.RequestMappingHandlerMapping]-[INFO] Mapped "{[/logout]}" onto public org.springframework.web.servlet.ModelAndView com.lotus.cotroller.LoginController.logout(javax.servlet.http.HttpSession)
2019-05-23 23:19:28,187 [org.springframework.web.servlet.mvc.method.annotation.RequestMappingHandlerMapping]-[INFO] Mapped "{[/register],methods=[POST]}" onto public org.springframework.web.servlet.ModelAndView com.lotus.cotroller.LoginController.doRegister(javax.servlet.http.HttpSession,com.lotus.bean.User)
2019-05-23 23:19:28,348 [org.springframework.web.servlet.mvc.method.annotation.RequestMappingHandlerAdapter]-[INFO] Looking for @ControllerAdvice: WebApplicationContext for namespace 'spring-servlet': startup date [Thu May 23 23:19:27 CST 2019]; parent: Root WebApplicationContext
2019-05-23 23:19:28,395 [org.springframework.web.servlet.mvc.method.annotation.RequestMappingHandlerAdapter]-[INFO] Looking for @ControllerAdvice: WebApplicationContext for namespace 'spring-servlet': startup date [Thu May 23 23:19:27 CST 2019]; parent: Root WebApplicationContext
2019-05-23 23:19:28,511 [org.springframework.web.servlet.DispatcherServlet]-[INFO] FrameworkServlet 'spring': initialization completed in 942 ms
2019-05-23 23:31:37,498 [org.springframework.web.context.ContextLoader]-[INFO] Root WebApplicationContext: initialization started
2019-05-23 23:31:37,552 [org.springframework.web.context.support.XmlWebApplicationContext]-[INFO] Refreshing Root WebApplicationContext: startup date [Thu May 23 23:31:37 CST 2019]; root of context hierarchy
2019-05-23 23:31:37,583 [org.springframework.beans.factory.xml.XmlBeanDefinitionReader]-[INFO] Loading XML bean definitions from class path resource [springmybatis.xml]
2019-05-23 23:31:38,161 [org.springframework.beans.factory.config.PropertyPlaceholderConfigurer]-[INFO] Loading properties file from class path resource [jdbc.properties]
2019-05-23 23:31:38,163 [org.springframework.beans.factory.annotation.AutowiredAnnotationBeanPostProcessor]-[INFO] JSR-330 'javax.inject.Inject' annotation found and supported for autowiring
2019-05-23 23:31:38,333 [org.springframework.web.context.ContextLoader]-[INFO] Root WebApplicationContext: initialization completed in 835 ms
2019-05-23 23:31:38,354 [org.springframework.web.servlet.DispatcherServlet]-[INFO] FrameworkServlet 'spring': initialization started
2019-05-23 23:31:38,355 [org.springframework.web.context.support.XmlWebApplicationContext]-[INFO] Refreshing WebApplicationContext for namespace 'spring-servlet': startup date [Thu May 23 23:31:38 CST 2019]; parent: Root WebApplicationContext
2019-05-23 23:31:38,356 [org.springframework.beans.factory.xml.XmlBeanDefinitionReader]-[INFO] Loading XML bean definitions from class path resource [springmvc.xml]
2019-05-23 23:31:38,434 [org.springframework.beans.factory.annotation.AutowiredAnnotationBeanPostProcessor]-[INFO] JSR-330 'javax.inject.Inject' annotation found and supported for autowiring
2019-05-23 23:31:38,613 [org.hibernate.validator.internal.util.Version]-[INFO] HV000001: Hibernate Validator 5.4.1.Final
2019-05-23 23:31:38,718 [org.springframework.web.servlet.mvc.method.annotation.RequestMappingHandlerMapping]-[INFO] Mapped "{[/cities]}" onto public org.springframework.web.servlet.ModelAndView com.lotus.cotroller.CityController.getCities() throws java.lang.Exception
2019-05-23 23:31:38,718 [org.springframework.web.servlet.mvc.method.annotation.RequestMappingHandlerMapping]-[INFO] Mapped "{[/city/add]}" onto public org.springframework.web.servlet.ModelAndView com.lotus.cotroller.CityController.addCity()
2019-05-23 23:31:38,719 [org.springframework.web.servlet.mvc.method.annotation.RequestMappingHandlerMapping]-[INFO] Mapped "{[/city/addSubmit],methods=[POST]}" onto public org.springframework.web.servlet.ModelAndView com.lotus.cotroller.CityController.addCitySubmit(com.lotus.bean.City)
2019-05-23 23:31:38,719 [org.springframework.web.servlet.mvc.method.annotation.RequestMappingHandlerMapping]-[INFO] Mapped "{[/city/delete]}" onto public org.springframework.web.servlet.ModelAndView com.lotus.cotroller.CityController.delCity(java.lang.String)
2019-05-23 23:31:38,719 [org.springframework.web.servlet.mvc.method.annotation.RequestMappingHandlerMapping]-[INFO] Mapped "{[/city/edit]}" onto public org.springframework.web.servlet.ModelAndView com.lotus.cotroller.CityController.editCity(java.lang.String)
2019-05-23 23:31:38,719 [org.springframework.web.servlet.mvc.method.annotation.RequestMappingHandlerMapping]-[INFO] Mapped "{[/city/editSubmit],methods=[POST]}" onto public org.springframework.web.servlet.ModelAndView com.lotus.cotroller.CityController.editCitySubmit(com.lotus.bean.City,org.springframework.validation.BindingResult)
2019-05-23 23:31:38,719 [org.springframework.web.servlet.mvc.method.annotation.RequestMappingHandlerMapping]-[INFO] Mapped "{[/city/{id}]}" onto public com.lotus.bean.City com.lotus.cotroller.CityController.getCity(java.lang.String)
2019-05-23 23:31:38,720 [org.springframework.web.servlet.mvc.method.annotation.RequestMappingHandlerMapping]-[INFO] Mapped "{[/queryItemsAnno]}" onto public org.springframework.web.servlet.ModelAndView com.lotus.cotroller.ItemControllerAnno.queryItemsAnno()
2019-05-23 23:31:38,816 [org.springframework.web.servlet.mvc.method.annotation.RequestMappingHandlerAdapter]-[INFO] Looking for @ControllerAdvice: WebApplicationContext for namespace 'spring-servlet': startup date [Thu May 23 23:31:38 CST 2019]; parent: Root WebApplicationContext
2019-05-23 23:31:38,846 [org.springframework.web.servlet.mvc.method.annotation.RequestMappingHandlerAdapter]-[INFO] Looking for @ControllerAdvice: WebApplicationContext for namespace 'spring-servlet': startup date [Thu May 23 23:31:38 CST 2019]; parent: Root WebApplicationContext
2019-05-23 23:31:38,899 [org.springframework.web.servlet.DispatcherServlet]-[INFO] FrameworkServlet 'spring': initialization completed in 545 ms
2019-05-23 23:31:59,019 [org.springframework.web.context.ContextLoader]-[INFO] Root WebApplicationContext: initialization started
2019-05-23 23:31:59,072 [org.springframework.web.context.support.XmlWebApplicationContext]-[INFO] Refreshing Root WebApplicationContext: startup date [Thu May 23 23:31:59 CST 2019]; root of context hierarchy
2019-05-23 23:31:59,094 [org.springframework.beans.factory.xml.XmlBeanDefinitionReader]-[INFO] Loading XML bean definitions from class path resource [springmybatis.xml]
2019-05-23 23:31:59,302 [org.springframework.beans.factory.config.PropertyPlaceholderConfigurer]-[INFO] Loading properties file from class path resource [jdbc.properties]
2019-05-23 23:31:59,305 [org.springframework.beans.factory.annotation.AutowiredAnnotationBeanPostProcessor]-[INFO] JSR-330 'javax.inject.Inject' annotation found and supported for autowiring
2019-05-23 23:31:59,573 [org.springframework.web.context.ContextLoader]-[INFO] Root WebApplicationContext: initialization completed in 553 ms
2019-05-23 23:31:59,602 [org.springframework.web.servlet.DispatcherServlet]-[INFO] FrameworkServlet 'spring': initialization started
2019-05-23 23:31:59,604 [org.springframework.web.context.support.XmlWebApplicationContext]-[INFO] Refreshing WebApplicationContext for namespace 'spring-servlet': startup date [Thu May 23 23:31:59 CST 2019]; parent: Root WebApplicationContext
2019-05-23 23:31:59,605 [org.springframework.beans.factory.xml.XmlBeanDefinitionReader]-[INFO] Loading XML bean definitions from class path resource [springmvc.xml]
2019-05-23 23:31:59,696 [org.springframework.beans.factory.annotation.AutowiredAnnotationBeanPostProcessor]-[INFO] JSR-330 'javax.inject.Inject' annotation found and supported for autowiring
2019-05-23 23:31:59,971 [org.hibernate.validator.internal.util.Version]-[INFO] HV000001: Hibernate Validator 5.4.1.Final
2019-05-23 23:32:00,088 [org.springframework.web.servlet.mvc.method.annotation.RequestMappingHandlerMapping]-[INFO] Mapped "{[/cities]}" onto public org.springframework.web.servlet.ModelAndView com.lotus.cotroller.CityController.getCities() throws java.lang.Exception
2019-05-23 23:32:00,089 [org.springframework.web.servlet.mvc.method.annotation.RequestMappingHandlerMapping]-[INFO] Mapped "{[/city/add]}" onto public org.springframework.web.servlet.ModelAndView com.lotus.cotroller.CityController.addCity()
2019-05-23 23:32:00,089 [org.springframework.web.servlet.mvc.method.annotation.RequestMappingHandlerMapping]-[INFO] Mapped "{[/city/addSubmit],methods=[POST]}" onto public org.springframework.web.servlet.ModelAndView com.lotus.cotroller.CityController.addCitySubmit(com.lotus.bean.City)
2019-05-23 23:32:00,089 [org.springframework.web.servlet.mvc.method.annotation.RequestMappingHandlerMapping]-[INFO] Mapped "{[/city/delete]}" onto public org.springframework.web.servlet.ModelAndView com.lotus.cotroller.CityController.delCity(java.lang.String)
2019-05-23 23:32:00,090 [org.springframework.web.servlet.mvc.method.annotation.RequestMappingHandlerMapping]-[INFO] Mapped "{[/city/edit]}" onto public org.springframework.web.servlet.ModelAndView com.lotus.cotroller.CityController.editCity(java.lang.String)
2019-05-23 23:32:00,090 [org.springframework.web.servlet.mvc.method.annotation.RequestMappingHandlerMapping]-[INFO] Mapped "{[/city/editSubmit],methods=[POST]}" onto public org.springframework.web.servlet.ModelAndView com.lotus.cotroller.CityController.editCitySubmit(com.lotus.bean.City,org.springframework.validation.BindingResult)
2019-05-23 23:32:00,090 [org.springframework.web.servlet.mvc.method.annotation.RequestMappingHandlerMapping]-[INFO] Mapped "{[/city/{id}]}" onto public com.lotus.bean.City com.lotus.cotroller.CityController.getCity(java.lang.String)
2019-05-23 23:32:00,090 [org.springframework.web.servlet.mvc.method.annotation.RequestMappingHandlerMapping]-[INFO] Mapped "{[/queryItemsAnno]}" onto public org.springframework.web.servlet.ModelAndView com.lotus.cotroller.ItemControllerAnno.queryItemsAnno()
2019-05-23 23:32:00,207 [org.springframework.web.servlet.mvc.method.annotation.RequestMappingHandlerAdapter]-[INFO] Looking for @ControllerAdvice: WebApplicationContext for namespace 'spring-servlet': startup date [Thu May 23 23:31:59 CST 2019]; parent: Root WebApplicationContext
2019-05-23 23:32:00,250 [org.springframework.web.servlet.mvc.method.annotation.RequestMappingHandlerAdapter]-[INFO] Looking for @ControllerAdvice: WebApplicationContext for namespace 'spring-servlet': startup date [Thu May 23 23:31:59 CST 2019]; parent: Root WebApplicationContext
2019-05-23 23:32:00,322 [org.springframework.web.servlet.DispatcherServlet]-[INFO] FrameworkServlet 'spring': initialization completed in 719 ms
2019-05-23 23:32:10,811 [org.springframework.web.context.ContextLoader]-[INFO] Root WebApplicationContext: initialization started
2019-05-23 23:32:10,860 [org.springframework.web.context.support.XmlWebApplicationContext]-[INFO] Refreshing Root WebApplicationContext: startup date [Thu May 23 23:32:10 CST 2019]; root of context hierarchy
2019-05-23 23:32:10,881 [org.springframework.beans.factory.xml.XmlBeanDefinitionReader]-[INFO] Loading XML bean definitions from class path resource [springmybatis.xml]
2019-05-23 23:32:11,074 [org.springframework.beans.factory.config.PropertyPlaceholderConfigurer]-[INFO] Loading properties file from class path resource [jdbc.properties]
2019-05-23 23:32:11,076 [org.springframework.beans.factory.annotation.AutowiredAnnotationBeanPostProcessor]-[INFO] JSR-330 'javax.inject.Inject' annotation found and supported for autowiring
2019-05-23 23:32:11,244 [org.springframework.web.context.ContextLoader]-[INFO] Root WebApplicationContext: initialization completed in 433 ms
2019-05-23 23:32:11,263 [org.springframework.web.servlet.DispatcherServlet]-[INFO] FrameworkServlet 'spring': initialization started
2019-05-23 23:32:11,264 [org.springframework.web.context.support.XmlWebApplicationContext]-[INFO] Refreshing WebApplicationContext for namespace 'spring-servlet': startup date [Thu May 23 23:32:11 CST 2019]; parent: Root WebApplicationContext
2019-05-23 23:32:11,265 [org.springframework.beans.factory.xml.XmlBeanDefinitionReader]-[INFO] Loading XML bean definitions from class path resource [springmvc.xml]
2019-05-23 23:32:11,336 [org.springframework.beans.factory.annotation.AutowiredAnnotationBeanPostProcessor]-[INFO] JSR-330 'javax.inject.Inject' annotation found and supported for autowiring
2019-05-23 23:32:11,641 [org.hibernate.validator.internal.util.Version]-[INFO] HV000001: Hibernate Validator 5.4.1.Final
2019-05-23 23:32:11,739 [org.springframework.web.servlet.mvc.method.annotation.RequestMappingHandlerMapping]-[INFO] Mapped "{[/cities]}" onto public org.springframework.web.servlet.ModelAndView com.lotus.cotroller.CityController.getCities() throws java.lang.Exception
2019-05-23 23:32:11,740 [org.springframework.web.servlet.mvc.method.annotation.RequestMappingHandlerMapping]-[INFO] Mapped "{[/city/add]}" onto public org.springframework.web.servlet.ModelAndView com.lotus.cotroller.CityController.addCity()
2019-05-23 23:32:11,740 [org.springframework.web.servlet.mvc.method.annotation.RequestMappingHandlerMapping]-[INFO] Mapped "{[/city/addSubmit],methods=[POST]}" onto public org.springframework.web.servlet.ModelAndView com.lotus.cotroller.CityController.addCitySubmit(com.lotus.bean.City)
2019-05-23 23:32:11,740 [org.springframework.web.servlet.mvc.method.annotation.RequestMappingHandlerMapping]-[INFO] Mapped "{[/city/delete]}" onto public org.springframework.web.servlet.ModelAndView com.lotus.cotroller.CityController.delCity(java.lang.String)
2019-05-23 23:32:11,740 [org.springframework.web.servlet.mvc.method.annotation.RequestMappingHandlerMapping]-[INFO] Mapped "{[/city/edit]}" onto public org.springframework.web.servlet.ModelAndView com.lotus.cotroller.CityController.editCity(java.lang.String)
2019-05-23 23:32:11,740 [org.springframework.web.servlet.mvc.method.annotation.RequestMappingHandlerMapping]-[INFO] Mapped "{[/city/editSubmit],methods=[POST]}" onto public org.springframework.web.servlet.ModelAndView com.lotus.cotroller.CityController.editCitySubmit(com.lotus.bean.City,org.springframework.validation.BindingResult)
2019-05-23 23:32:11,740 [org.springframework.web.servlet.mvc.method.annotation.RequestMappingHandlerMapping]-[INFO] Mapped "{[/city/{id}]}" onto public com.lotus.bean.City com.lotus.cotroller.CityController.getCity(java.lang.String)
2019-05-23 23:32:11,741 [org.springframework.web.servlet.mvc.method.annotation.RequestMappingHandlerMapping]-[INFO] Mapped "{[/queryItemsAnno]}" onto public org.springframework.web.servlet.ModelAndView com.lotus.cotroller.ItemControllerAnno.queryItemsAnno()
2019-05-23 23:32:11,833 [org.springframework.web.servlet.mvc.method.annotation.RequestMappingHandlerAdapter]-[INFO] Looking for @ControllerAdvice: WebApplicationContext for namespace 'spring-servlet': startup date [Thu May 23 23:32:11 CST 2019]; parent: Root WebApplicationContext
2019-05-23 23:32:11,865 [org.springframework.web.servlet.mvc.method.annotation.RequestMappingHandlerAdapter]-[INFO] Looking for @ControllerAdvice: WebApplicationContext for namespace 'spring-servlet': startup date [Thu May 23 23:32:11 CST 2019]; parent: Root WebApplicationContext
2019-05-23 23:32:11,922 [org.springframework.web.servlet.DispatcherServlet]-[INFO] FrameworkServlet 'spring': initialization completed in 659 ms
2019-05-23 23:32:35,217 [org.springframework.web.servlet.PageNotFound]-[WARN] No mapping found for HTTP request with URI [/register] in DispatcherServlet with name 'spring'
2019-05-23 23:33:35,852 [org.springframework.web.context.ContextLoader]-[INFO] Root WebApplicationContext: initialization started
2019-05-23 23:33:35,903 [org.springframework.web.context.support.XmlWebApplicationContext]-[INFO] Refreshing Root WebApplicationContext: startup date [Thu May 23 23:33:35 CST 2019]; root of context hierarchy
2019-05-23 23:33:35,929 [org.springframework.beans.factory.xml.XmlBeanDefinitionReader]-[INFO] Loading XML bean definitions from class path resource [springmybatis.xml]
2019-05-23 23:33:36,127 [org.springframework.beans.factory.config.PropertyPlaceholderConfigurer]-[INFO] Loading properties file from class path resource [jdbc.properties]
2019-05-23 23:33:36,130 [org.springframework.beans.factory.annotation.AutowiredAnnotationBeanPostProcessor]-[INFO] JSR-330 'javax.inject.Inject' annotation found and supported for autowiring
2019-05-23 23:33:36,354 [org.springframework.web.context.ContextLoader]-[INFO] Root WebApplicationContext: initialization completed in 501 ms
2019-05-23 23:33:36,374 [org.springframework.web.servlet.DispatcherServlet]-[INFO] FrameworkServlet 'spring': initialization started
2019-05-23 23:33:36,375 [org.springframework.web.context.support.XmlWebApplicationContext]-[INFO] Refreshing WebApplicationContext for namespace 'spring-servlet': startup date [Thu May 23 23:33:36 CST 2019]; parent: Root WebApplicationContext
2019-05-23 23:33:36,376 [org.springframework.beans.factory.xml.XmlBeanDefinitionReader]-[INFO] Loading XML bean definitions from class path resource [springmvc.xml]
2019-05-23 23:33:36,448 [org.springframework.beans.factory.annotation.AutowiredAnnotationBeanPostProcessor]-[INFO] JSR-330 'javax.inject.Inject' annotation found and supported for autowiring
2019-05-23 23:33:36,745 [org.hibernate.validator.internal.util.Version]-[INFO] HV000001: Hibernate Validator 5.4.1.Final
2019-05-23 23:33:36,845 [org.springframework.web.servlet.mvc.method.annotation.RequestMappingHandlerMapping]-[INFO] Mapped "{[/cities]}" onto public org.springframework.web.servlet.ModelAndView com.lotus.cotroller.CityController.getCities() throws java.lang.Exception
2019-05-23 23:33:36,845 [org.springframework.web.servlet.mvc.method.annotation.RequestMappingHandlerMapping]-[INFO] Mapped "{[/city/add]}" onto public org.springframework.web.servlet.ModelAndView com.lotus.cotroller.CityController.addCity()
2019-05-23 23:33:36,845 [org.springframework.web.servlet.mvc.method.annotation.RequestMappingHandlerMapping]-[INFO] Mapped "{[/city/addSubmit],methods=[POST]}" onto public org.springframework.web.servlet.ModelAndView com.lotus.cotroller.CityController.addCitySubmit(com.lotus.bean.City)
2019-05-23 23:33:36,846 [org.springframework.web.servlet.mvc.method.annotation.RequestMappingHandlerMapping]-[INFO] Mapped "{[/city/delete]}" onto public org.springframework.web.servlet.ModelAndView com.lotus.cotroller.CityController.delCity(java.lang.String)
2019-05-23 23:33:36,846 [org.springframework.web.servlet.mvc.method.annotation.RequestMappingHandlerMapping]-[INFO] Mapped "{[/city/edit]}" onto public org.springframework.web.servlet.ModelAndView com.lotus.cotroller.CityController.editCity(java.lang.String)
2019-05-23 23:33:36,846 [org.springframework.web.servlet.mvc.method.annotation.RequestMappingHandlerMapping]-[INFO] Mapped "{[/city/editSubmit],methods=[POST]}" onto public org.springframework.web.servlet.ModelAndView com.lotus.cotroller.CityController.editCitySubmit(com.lotus.bean.City,org.springframework.validation.BindingResult)
2019-05-23 23:33:36,846 [org.springframework.web.servlet.mvc.method.annotation.RequestMappingHandlerMapping]-[INFO] Mapped "{[/city/{id}]}" onto public com.lotus.bean.City com.lotus.cotroller.CityController.getCity(java.lang.String)
2019-05-23 23:33:36,846 [org.springframework.web.servlet.mvc.method.annotation.RequestMappingHandlerMapping]-[INFO] Mapped "{[/queryItemsAnno]}" onto public org.springframework.web.servlet.ModelAndView com.lotus.cotroller.ItemControllerAnno.queryItemsAnno()
2019-05-23 23:33:36,944 [org.springframework.web.servlet.mvc.method.annotation.RequestMappingHandlerAdapter]-[INFO] Looking for @ControllerAdvice: WebApplicationContext for namespace 'spring-servlet': startup date [Thu May 23 23:33:36 CST 2019]; parent: Root WebApplicationContext
2019-05-23 23:33:36,980 [org.springframework.web.servlet.mvc.method.annotation.RequestMappingHandlerAdapter]-[INFO] Looking for @ControllerAdvice: WebApplicationContext for namespace 'spring-servlet': startup date [Thu May 23 23:33:36 CST 2019]; parent: Root WebApplicationContext
2019-05-23 23:33:37,040 [org.springframework.web.servlet.DispatcherServlet]-[INFO] FrameworkServlet 'spring': initialization completed in 666 ms
2019-05-23 23:40:38,932 [org.springframework.web.context.ContextLoader]-[INFO] Root WebApplicationContext: initialization started
2019-05-23 23:40:38,981 [org.springframework.web.context.support.XmlWebApplicationContext]-[INFO] Refreshing Root WebApplicationContext: startup date [Thu May 23 23:40:38 CST 2019]; root of context hierarchy
2019-05-23 23:40:39,003 [org.springframework.beans.factory.xml.XmlBeanDefinitionReader]-[INFO] Loading XML bean definitions from class path resource [springmybatis.xml]
2019-05-23 23:40:39,196 [org.springframework.beans.factory.config.PropertyPlaceholderConfigurer]-[INFO] Loading properties file from class path resource [jdbc.properties]
2019-05-23 23:40:39,199 [org.springframework.beans.factory.annotation.AutowiredAnnotationBeanPostProcessor]-[INFO] JSR-330 'javax.inject.Inject' annotation found and supported for autowiring
2019-05-23 23:40:39,377 [org.springframework.web.context.ContextLoader]-[INFO] Root WebApplicationContext: initialization completed in 444 ms
2019-05-23 23:40:39,396 [org.springframework.web.servlet.DispatcherServlet]-[INFO] FrameworkServlet 'spring': initialization started
2019-05-23 23:40:39,397 [org.springframework.web.context.support.XmlWebApplicationContext]-[INFO] Refreshing WebApplicationContext for namespace 'spring-servlet': startup date [Thu May 23 23:40:39 CST 2019]; parent: Root WebApplicationContext
2019-05-23 23:40:39,398 [org.springframework.beans.factory.xml.XmlBeanDefinitionReader]-[INFO] Loading XML bean definitions from class path resource [springmvc.xml]
2019-05-23 23:40:39,478 [org.springframework.beans.factory.annotation.AutowiredAnnotationBeanPostProcessor]-[INFO] JSR-330 'javax.inject.Inject' annotation found and supported for autowiring
2019-05-23 23:40:39,785 [org.hibernate.validator.internal.util.Version]-[INFO] HV000001: Hibernate Validator 5.4.1.Final
2019-05-23 23:40:39,884 [org.springframework.web.servlet.mvc.method.annotation.RequestMappingHandlerMapping]-[INFO] Mapped "{[/cities]}" onto public org.springframework.web.servlet.ModelAndView com.lotus.cotroller.CityController.getCities() throws java.lang.Exception
2019-05-23 23:40:39,884 [org.springframework.web.servlet.mvc.method.annotation.RequestMappingHandlerMapping]-[INFO] Mapped "{[/city/add]}" onto public org.springframework.web.servlet.ModelAndView com.lotus.cotroller.CityController.addCity()
2019-05-23 23:40:39,884 [org.springframework.web.servlet.mvc.method.annotation.RequestMappingHandlerMapping]-[INFO] Mapped "{[/city/addSubmit],methods=[POST]}" onto public org.springframework.web.servlet.ModelAndView com.lotus.cotroller.CityController.addCitySubmit(com.lotus.bean.City)
2019-05-23 23:40:39,885 [org.springframework.web.servlet.mvc.method.annotation.RequestMappingHandlerMapping]-[INFO] Mapped "{[/city/delete]}" onto public org.springframework.web.servlet.ModelAndView com.lotus.cotroller.CityController.delCity(java.lang.String)
2019-05-23 23:40:39,885 [org.springframework.web.servlet.mvc.method.annotation.RequestMappingHandlerMapping]-[INFO] Mapped "{[/city/edit]}" onto public org.springframework.web.servlet.ModelAndView com.lotus.cotroller.CityController.editCity(java.lang.String)
2019-05-23 23:40:39,885 [org.springframework.web.servlet.mvc.method.annotation.RequestMappingHandlerMapping]-[INFO] Mapped "{[/city/editSubmit],methods=[POST]}" onto public org.springframework.web.servlet.ModelAndView com.lotus.cotroller.CityController.editCitySubmit(com.lotus.bean.City,org.springframework.validation.BindingResult)
2019-05-23 23:40:39,885 [org.springframework.web.servlet.mvc.method.annotation.RequestMappingHandlerMapping]-[INFO] Mapped "{[/city/{id}]}" onto public com.lotus.bean.City com.lotus.cotroller.CityController.getCity(java.lang.String)
2019-05-23 23:40:39,886 [org.springframework.web.servlet.mvc.method.annotation.RequestMappingHandlerMapping]-[INFO] Mapped "{[/queryItemsAnno]}" onto public org.springframework.web.servlet.ModelAndView com.lotus.cotroller.ItemControllerAnno.queryItemsAnno()
2019-05-23 23:40:39,979 [org.springframework.web.servlet.mvc.method.annotation.RequestMappingHandlerAdapter]-[INFO] Looking for @ControllerAdvice: WebApplicationContext for namespace 'spring-servlet': startup date [Thu May 23 23:40:39 CST 2019]; parent: Root WebApplicationContext
2019-05-23 23:40:40,012 [org.springframework.web.servlet.mvc.method.annotation.RequestMappingHandlerAdapter]-[INFO] Looking for @ControllerAdvice: WebApplicationContext for namespace 'spring-servlet': startup date [Thu May 23 23:40:39 CST 2019]; parent: Root WebApplicationContext
2019-05-23 23:40:40,076 [org.springframework.web.servlet.DispatcherServlet]-[INFO] FrameworkServlet 'spring': initialization completed in 680 ms
2019-05-23 23:42:04,235 [org.springframework.web.context.ContextLoader]-[INFO] Root WebApplicationContext: initialization started
2019-05-23 23:42:04,283 [org.springframework.web.context.support.XmlWebApplicationContext]-[INFO] Refreshing Root WebApplicationContext: startup date [Thu May 23 23:42:04 CST 2019]; root of context hierarchy
2019-05-23 23:42:04,305 [org.springframework.beans.factory.xml.XmlBeanDefinitionReader]-[INFO] Loading XML bean definitions from class path resource [springmybatis.xml]
2019-05-23 23:42:04,508 [org.springframework.beans.factory.config.PropertyPlaceholderConfigurer]-[INFO] Loading properties file from class path resource [jdbc.properties]
2019-05-23 23:42:04,510 [org.springframework.beans.factory.annotation.AutowiredAnnotationBeanPostProcessor]-[INFO] JSR-330 'javax.inject.Inject' annotation found and supported for autowiring
2019-05-23 23:42:04,716 [org.springframework.web.context.ContextLoader]-[INFO] Root WebApplicationContext: initialization completed in 481 ms
2019-05-23 23:42:04,736 [org.springframework.web.servlet.DispatcherServlet]-[INFO] FrameworkServlet 'spring': initialization started
2019-05-23 23:42:04,737 [org.springframework.web.context.support.XmlWebApplicationContext]-[INFO] Refreshing WebApplicationContext for namespace 'spring-servlet': startup date [Thu May 23 23:42:04 CST 2019]; parent: Root WebApplicationContext
2019-05-23 23:42:04,738 [org.springframework.beans.factory.xml.XmlBeanDefinitionReader]-[INFO] Loading XML bean definitions from class path resource [springmvc.xml]
2019-05-23 23:42:04,810 [org.springframework.beans.factory.annotation.AutowiredAnnotationBeanPostProcessor]-[INFO] JSR-330 'javax.inject.Inject' annotation found and supported for autowiring
2019-05-23 23:42:05,109 [org.hibernate.validator.internal.util.Version]-[INFO] HV000001: Hibernate Validator 5.4.1.Final
2019-05-23 23:42:05,205 [org.springframework.web.servlet.mvc.method.annotation.RequestMappingHandlerMapping]-[INFO] Mapped "{[/cities]}" onto public org.springframework.web.servlet.ModelAndView com.lotus.cotroller.CityController.getCities() throws java.lang.Exception
2019-05-23 23:42:05,206 [org.springframework.web.servlet.mvc.method.annotation.RequestMappingHandlerMapping]-[INFO] Mapped "{[/city/add]}" onto public org.springframework.web.servlet.ModelAndView com.lotus.cotroller.CityController.addCity()
2019-05-23 23:42:05,206 [org.springframework.web.servlet.mvc.method.annotation.RequestMappingHandlerMapping]-[INFO] Mapped "{[/city/addSubmit],methods=[POST]}" onto public org.springframework.web.servlet.ModelAndView com.lotus.cotroller.CityController.addCitySubmit(com.lotus.bean.City)
2019-05-23 23:42:05,206 [org.springframework.web.servlet.mvc.method.annotation.RequestMappingHandlerMapping]-[INFO] Mapped "{[/city/delete]}" onto public org.springframework.web.servlet.ModelAndView com.lotus.cotroller.CityController.delCity(java.lang.String)
2019-05-23 23:42:05,207 [org.springframework.web.servlet.mvc.method.annotation.RequestMappingHandlerMapping]-[INFO] Mapped "{[/city/edit]}" onto public org.springframework.web.servlet.ModelAndView com.lotus.cotroller.CityController.editCity(java.lang.String)
2019-05-23 23:42:05,207 [org.springframework.web.servlet.mvc.method.annotation.RequestMappingHandlerMapping]-[INFO] Mapped "{[/city/editSubmit],methods=[POST]}" onto public org.springframework.web.servlet.ModelAndView com.lotus.cotroller.CityController.editCitySubmit(com.lotus.bean.City,org.springframework.validation.BindingResult)
2019-05-23 23:42:05,207 [org.springframework.web.servlet.mvc.method.annotation.RequestMappingHandlerMapping]-[INFO] Mapped "{[/city/{id}]}" onto public com.lotus.bean.City com.lotus.cotroller.CityController.getCity(java.lang.String)
2019-05-23 23:42:05,208 [org.springframework.web.servlet.mvc.method.annotation.RequestMappingHandlerMapping]-[INFO] Mapped "{[/queryItemsAnno]}" onto public org.springframework.web.servlet.ModelAndView com.lotus.cotroller.ItemControllerAnno.queryItemsAnno()
2019-05-23 23:42:05,298 [org.springframework.web.servlet.mvc.method.annotation.RequestMappingHandlerAdapter]-[INFO] Looking for @ControllerAdvice: WebApplicationContext for namespace 'spring-servlet': startup date [Thu May 23 23:42:04 CST 2019]; parent: Root WebApplicationContext
2019-05-23 23:42:05,329 [org.springframework.web.servlet.mvc.method.annotation.RequestMappingHandlerAdapter]-[INFO] Looking for @ControllerAdvice: WebApplicationContext for namespace 'spring-servlet': startup date [Thu May 23 23:42:04 CST 2019]; parent: Root WebApplicationContext
2019-05-23 23:42:05,390 [org.springframework.web.servlet.DispatcherServlet]-[INFO] FrameworkServlet 'spring': initialization completed in 654 ms
2019-05-23 23:43:13,152 [com.lotus.cotroller.CityController]-[INFO] start to dele city, id 1
2019-05-23 23:43:13,158 [com.lotus.cotroller.CityController]-[INFO] Finish to dele city
